<?xml version="1.0" encoding="UTF-8"?>
<robot generator="Robot 2.8.5 (Jython 2.5.3 on java1.8.0_20)" generated="20140917 23:26:55.822">
<suite source="C:\Users\Shannon\Documents\JSU\Computer Science\CS 310 -- Software Engineering I\jsu-mcis-cs310-tictactoe\acceptance\TicTacToeGUITests.txt" name="TicTacToeGUITests" id="s1">
<test name="Win Main Diagonally as X" id="s1-t1">
<kw type="kw" name="Start New Game">
<doc></doc>
<arguments>
</arguments>
<kw type="kw" name="SwingLibrary.Start Application">
<doc>Alias for `Launch Application` keyword</doc>
<arguments>
<arg>edu.jsu.mcis.TicTacToeGame</arg>
</arguments>
<status endtime="20140917 23:26:56.748" starttime="20140917 23:26:56.663" status="PASS"></status>
</kw>
<kw type="kw" name="SwingLibrary.Select Window">
<doc>Selects a window as current context and sets focus to it.</doc>
<arguments>
<arg>Tic Tac Toe</arg>
</arguments>
<status endtime="20140917 23:26:56.833" starttime="20140917 23:26:56.750" status="PASS"></status>
</kw>
<status endtime="20140917 23:26:56.835" starttime="20140917 23:26:56.661" status="PASS"></status>
</kw>
<kw type="kw" name="Mark Location">
<doc></doc>
<arguments>
<arg>1</arg>
<arg>1</arg>
</arguments>
<kw type="kw" name="${component} = BuiltIn.Catenate">
<doc>Catenates the given items together and returns the resulted string.</doc>
<arguments>
<arg>SEPARATOR=</arg>
<arg>Location</arg>
<arg>${row}</arg>
<arg>${col}</arg>
</arguments>
<msg level="INFO" timestamp="20140917 23:26:56.841">${component} = Location11</msg>
<status endtime="20140917 23:26:56.841" starttime="20140917 23:26:56.838" status="PASS"></status>
</kw>
<kw type="kw" name="SwingLibrary.Click On Component">
<doc>Clicks on a component.</doc>
<arguments>
<arg>${component}</arg>
</arguments>
<status endtime="20140917 23:26:56.872" starttime="20140917 23:26:56.842" status="PASS"></status>
</kw>
<status endtime="20140917 23:26:56.873" starttime="20140917 23:26:56.836" status="PASS"></status>
</kw>
<kw type="kw" name="Check Location">
<doc></doc>
<arguments>
<arg>1</arg>
<arg>1</arg>
<arg>X</arg>
</arguments>
<kw type="kw" name="${component} = BuiltIn.Catenate">
<doc>Catenates the given items together and returns the resulted string.</doc>
<arguments>
<arg>SEPARATOR=</arg>
<arg>Location</arg>
<arg>${row}</arg>
<arg>${col}</arg>
</arguments>
<msg level="INFO" timestamp="20140917 23:26:56.879">${component} = Location11</msg>
<status endtime="20140917 23:26:56.879" starttime="20140917 23:26:56.876" status="PASS"></status>
</kw>
<kw type="kw" name="SwingLibrary.Label Text Should Be">
<doc>Checks the equality of given text and the text displayed on a label.</doc>
<arguments>
<arg>${component}</arg>
<arg>${mark}</arg>
</arguments>
<status endtime="20140917 23:26:56.911" starttime="20140917 23:26:56.880" status="PASS"></status>
</kw>
<status endtime="20140917 23:26:56.912" starttime="20140917 23:26:56.873" status="PASS"></status>
</kw>
<kw type="kw" name="Mark Location">
<doc></doc>
<arguments>
<arg>0</arg>
<arg>1</arg>
</arguments>
<kw type="kw" name="${component} = BuiltIn.Catenate">
<doc>Catenates the given items together and returns the resulted string.</doc>
<arguments>
<arg>SEPARATOR=</arg>
<arg>Location</arg>
<arg>${row}</arg>
<arg>${col}</arg>
</arguments>
<msg level="INFO" timestamp="20140917 23:26:56.917">${component} = Location01</msg>
<status endtime="20140917 23:26:56.917" starttime="20140917 23:26:56.915" status="PASS"></status>
</kw>
<kw type="kw" name="SwingLibrary.Click On Component">
<doc>Clicks on a component.</doc>
<arguments>
<arg>${component}</arg>
</arguments>
<status endtime="20140917 23:26:56.926" starttime="20140917 23:26:56.918" status="PASS"></status>
</kw>
<status endtime="20140917 23:26:56.927" starttime="20140917 23:26:56.913" status="PASS"></status>
</kw>
<kw type="kw" name="Check Location">
<doc></doc>
<arguments>
<arg>0</arg>
<arg>1</arg>
<arg>O</arg>
</arguments>
<kw type="kw" name="${component} = BuiltIn.Catenate">
<doc>Catenates the given items together and returns the resulted string.</doc>
<arguments>
<arg>SEPARATOR=</arg>
<arg>Location</arg>
<arg>${row}</arg>
<arg>${col}</arg>
</arguments>
<msg level="INFO" timestamp="20140917 23:26:56.934">${component} = Location01</msg>
<status endtime="20140917 23:26:56.933" starttime="20140917 23:26:56.930" status="PASS"></status>
</kw>
<kw type="kw" name="SwingLibrary.Label Text Should Be">
<doc>Checks the equality of given text and the text displayed on a label.</doc>
<arguments>
<arg>${component}</arg>
<arg>${mark}</arg>
</arguments>
<status endtime="20140917 23:26:56.940" starttime="20140917 23:26:56.935" status="PASS"></status>
</kw>
<status endtime="20140917 23:26:56.941" starttime="20140917 23:26:56.928" status="PASS"></status>
</kw>
<kw type="kw" name="Mark Location">
<doc></doc>
<arguments>
<arg>0</arg>
<arg>0</arg>
</arguments>
<kw type="kw" name="${component} = BuiltIn.Catenate">
<doc>Catenates the given items together and returns the resulted string.</doc>
<arguments>
<arg>SEPARATOR=</arg>
<arg>Location</arg>
<arg>${row}</arg>
<arg>${col}</arg>
</arguments>
<msg level="INFO" timestamp="20140917 23:26:56.948">${component} = Location00</msg>
<status endtime="20140917 23:26:56.947" starttime="20140917 23:26:56.945" status="PASS"></status>
</kw>
<kw type="kw" name="SwingLibrary.Click On Component">
<doc>Clicks on a component.</doc>
<arguments>
<arg>${component}</arg>
</arguments>
<status endtime="20140917 23:26:56.955" starttime="20140917 23:26:56.948" status="PASS"></status>
</kw>
<status endtime="20140917 23:26:56.956" starttime="20140917 23:26:56.942" status="PASS"></status>
</kw>
<kw type="kw" name="Check Location">
<doc></doc>
<arguments>
<arg>0</arg>
<arg>0</arg>
<arg>X</arg>
</arguments>
<kw type="kw" name="${component} = BuiltIn.Catenate">
<doc>Catenates the given items together and returns the resulted string.</doc>
<arguments>
<arg>SEPARATOR=</arg>
<arg>Location</arg>
<arg>${row}</arg>
<arg>${col}</arg>
</arguments>
<msg level="INFO" timestamp="20140917 23:26:56.963">${component} = Location00</msg>
<status endtime="20140917 23:26:56.962" starttime="20140917 23:26:56.959" status="PASS"></status>
</kw>
<kw type="kw" name="SwingLibrary.Label Text Should Be">
<doc>Checks the equality of given text and the text displayed on a label.</doc>
<arguments>
<arg>${component}</arg>
<arg>${mark}</arg>
</arguments>
<status endtime="20140917 23:26:56.970" starttime="20140917 23:26:56.964" status="PASS"></status>
</kw>
<status endtime="20140917 23:26:56.977" starttime="20140917 23:26:56.957" status="PASS"></status>
</kw>
<kw type="kw" name="Mark Location">
<doc></doc>
<arguments>
<arg>0</arg>
<arg>2</arg>
</arguments>
<kw type="kw" name="${component} = BuiltIn.Catenate">
<doc>Catenates the given items together and returns the resulted string.</doc>
<arguments>
<arg>SEPARATOR=</arg>
<arg>Location</arg>
<arg>${row}</arg>
<arg>${col}</arg>
</arguments>
<msg level="INFO" timestamp="20140917 23:26:56.987">${component} = Location02</msg>
<status endtime="20140917 23:26:56.986" starttime="20140917 23:26:56.984" status="PASS"></status>
</kw>
<kw type="kw" name="SwingLibrary.Click On Component">
<doc>Clicks on a component.</doc>
<arguments>
<arg>${component}</arg>
</arguments>
<status endtime="20140917 23:26:56.994" starttime="20140917 23:26:56.987" status="PASS"></status>
</kw>
<status endtime="20140917 23:26:56.995" starttime="20140917 23:26:56.981" status="PASS"></status>
</kw>
<kw type="kw" name="Check Location">
<doc></doc>
<arguments>
<arg>0</arg>
<arg>2</arg>
<arg>O</arg>
</arguments>
<kw type="kw" name="${component} = BuiltIn.Catenate">
<doc>Catenates the given items together and returns the resulted string.</doc>
<arguments>
<arg>SEPARATOR=</arg>
<arg>Location</arg>
<arg>${row}</arg>
<arg>${col}</arg>
</arguments>
<msg level="INFO" timestamp="20140917 23:26:57.003">${component} = Location02</msg>
<status endtime="20140917 23:26:57.003" starttime="20140917 23:26:57.001" status="PASS"></status>
</kw>
<kw type="kw" name="SwingLibrary.Label Text Should Be">
<doc>Checks the equality of given text and the text displayed on a label.</doc>
<arguments>
<arg>${component}</arg>
<arg>${mark}</arg>
</arguments>
<status endtime="20140917 23:26:57.012" starttime="20140917 23:26:57.006" status="PASS"></status>
</kw>
<status endtime="20140917 23:26:57.012" starttime="20140917 23:26:56.996" status="PASS"></status>
</kw>
<kw type="kw" name="Mark Location">
<doc></doc>
<arguments>
<arg>2</arg>
<arg>2</arg>
</arguments>
<kw type="kw" name="${component} = BuiltIn.Catenate">
<doc>Catenates the given items together and returns the resulted string.</doc>
<arguments>
<arg>SEPARATOR=</arg>
<arg>Location</arg>
<arg>${row}</arg>
<arg>${col}</arg>
</arguments>
<msg level="INFO" timestamp="20140917 23:26:57.020">${component} = Location22</msg>
<status endtime="20140917 23:26:57.020" starttime="20140917 23:26:57.018" status="PASS"></status>
</kw>
<kw type="kw" name="SwingLibrary.Click On Component">
<doc>Clicks on a component.</doc>
<arguments>
<arg>${component}</arg>
</arguments>
<status endtime="20140917 23:26:57.030" starttime="20140917 23:26:57.021" status="PASS"></status>
</kw>
<status endtime="20140917 23:26:57.031" starttime="20140917 23:26:57.015" status="PASS"></status>
</kw>
<kw type="kw" name="Check Location">
<doc></doc>
<arguments>
<arg>2</arg>
<arg>2</arg>
<arg>X</arg>
</arguments>
<kw type="kw" name="${component} = BuiltIn.Catenate">
<doc>Catenates the given items together and returns the resulted string.</doc>
<arguments>
<arg>SEPARATOR=</arg>
<arg>Location</arg>
<arg>${row}</arg>
<arg>${col}</arg>
</arguments>
<msg level="INFO" timestamp="20140917 23:26:57.039">${component} = Location22</msg>
<status endtime="20140917 23:26:57.038" starttime="20140917 23:26:57.034" status="PASS"></status>
</kw>
<kw type="kw" name="SwingLibrary.Label Text Should Be">
<doc>Checks the equality of given text and the text displayed on a label.</doc>
<arguments>
<arg>${component}</arg>
<arg>${mark}</arg>
</arguments>
<status endtime="20140917 23:26:57.046" starttime="20140917 23:26:57.040" status="PASS"></status>
</kw>
<status endtime="20140917 23:26:57.047" starttime="20140917 23:26:57.032" status="PASS"></status>
</kw>
<kw type="kw" name="Winner Should Be">
<doc></doc>
<arguments>
<arg>X</arg>
</arguments>
<kw type="kw" name="SwingLibrary.Select Dialog">
<doc>Selects a dialog as current context and sets focus to it.</doc>
<arguments>
<arg>Game Over</arg>
</arguments>
<status endtime="20140917 23:26:57.111" starttime="20140917 23:26:57.050" status="PASS"></status>
</kw>
<kw type="kw" name="${message} = BuiltIn.Catenate">
<doc>Catenates the given items together and returns the resulted string.</doc>
<arguments>
<arg>The winner is</arg>
<arg>${winner}</arg>
</arguments>
<msg level="INFO" timestamp="20140917 23:26:57.111">${message} = The winner is X</msg>
<status endtime="20140917 23:26:57.111" starttime="20140917 23:26:57.111" status="PASS"></status>
</kw>
<kw type="kw" name="SwingLibrary.Label Text Should Be">
<doc>Checks the equality of given text and the text displayed on a label.</doc>
<arguments>
<arg>OptionPane.label</arg>
<arg>${message}</arg>
</arguments>
<status endtime="20140917 23:26:57.111" starttime="20140917 23:26:57.111" status="PASS"></status>
</kw>
<kw type="kw" name="SwingLibrary.Close Dialog">
<doc>Closes a dialog.</doc>
<arguments>
<arg>Game Over</arg>
</arguments>
<status endtime="20140917 23:26:57.127" starttime="20140917 23:26:57.111" status="PASS"></status>
</kw>
<kw type="kw" name="SwingLibrary.Close Window">
<doc>Closes a window.</doc>
<arguments>
<arg>Tic Tac Toe</arg>
</arguments>
<status endtime="20140917 23:26:57.267" starttime="20140917 23:26:57.127" status="PASS"></status>
</kw>
<status endtime="20140917 23:26:57.267" starttime="20140917 23:26:57.048" status="PASS"></status>
</kw>
<doc></doc>
<tags>
</tags>
<status critical="yes" endtime="20140917 23:26:57.267" starttime="20140917 23:26:56.658" status="PASS"></status>
</test>
<test name="Win Reverse Diagonally as O" id="s1-t2">
<kw type="kw" name="Start New Game">
<doc></doc>
<arguments>
</arguments>
<kw type="kw" name="SwingLibrary.Start Application">
<doc>Alias for `Launch Application` keyword</doc>
<arguments>
<arg>edu.jsu.mcis.TicTacToeGame</arg>
</arguments>
<status endtime="20140917 23:26:57.283" starttime="20140917 23:26:57.267" status="PASS"></status>
</kw>
<kw type="kw" name="SwingLibrary.Select Window">
<doc>Selects a window as current context and sets focus to it.</doc>
<arguments>
<arg>Tic Tac Toe</arg>
</arguments>
<status endtime="20140917 23:26:57.298" starttime="20140917 23:26:57.283" status="PASS"></status>
</kw>
<status endtime="20140917 23:26:57.298" starttime="20140917 23:26:57.267" status="PASS"></status>
</kw>
<kw type="kw" name="Mark Location">
<doc></doc>
<arguments>
<arg>0</arg>
<arg>1</arg>
</arguments>
<kw type="kw" name="${component} = BuiltIn.Catenate">
<doc>Catenates the given items together and returns the resulted string.</doc>
<arguments>
<arg>SEPARATOR=</arg>
<arg>Location</arg>
<arg>${row}</arg>
<arg>${col}</arg>
</arguments>
<msg level="INFO" timestamp="20140917 23:26:57.298">${component} = Location01</msg>
<status endtime="20140917 23:26:57.298" starttime="20140917 23:26:57.298" status="PASS"></status>
</kw>
<kw type="kw" name="SwingLibrary.Click On Component">
<doc>Clicks on a component.</doc>
<arguments>
<arg>${component}</arg>
</arguments>
<status endtime="20140917 23:26:57.314" starttime="20140917 23:26:57.298" status="PASS"></status>
</kw>
<status endtime="20140917 23:26:57.314" starttime="20140917 23:26:57.298" status="PASS"></status>
</kw>
<kw type="kw" name="Check Location">
<doc></doc>
<arguments>
<arg>0</arg>
<arg>1</arg>
<arg>X</arg>
</arguments>
<kw type="kw" name="${component} = BuiltIn.Catenate">
<doc>Catenates the given items together and returns the resulted string.</doc>
<arguments>
<arg>SEPARATOR=</arg>
<arg>Location</arg>
<arg>${row}</arg>
<arg>${col}</arg>
</arguments>
<msg level="INFO" timestamp="20140917 23:26:57.330">${component} = Location01</msg>
<status endtime="20140917 23:26:57.330" starttime="20140917 23:26:57.330" status="PASS"></status>
</kw>
<kw type="kw" name="SwingLibrary.Label Text Should Be">
<doc>Checks the equality of given text and the text displayed on a label.</doc>
<arguments>
<arg>${component}</arg>
<arg>${mark}</arg>
</arguments>
<status endtime="20140917 23:26:57.330" starttime="20140917 23:26:57.330" status="PASS"></status>
</kw>
<status endtime="20140917 23:26:57.330" starttime="20140917 23:26:57.314" status="PASS"></status>
</kw>
<kw type="kw" name="Mark Location">
<doc></doc>
<arguments>
<arg>1</arg>
<arg>1</arg>
</arguments>
<kw type="kw" name="${component} = BuiltIn.Catenate">
<doc>Catenates the given items together and returns the resulted string.</doc>
<arguments>
<arg>SEPARATOR=</arg>
<arg>Location</arg>
<arg>${row}</arg>
<arg>${col}</arg>
</arguments>
<msg level="INFO" timestamp="20140917 23:26:57.330">${component} = Location11</msg>
<status endtime="20140917 23:26:57.330" starttime="20140917 23:26:57.330" status="PASS"></status>
</kw>
<kw type="kw" name="SwingLibrary.Click On Component">
<doc>Clicks on a component.</doc>
<arguments>
<arg>${component}</arg>
</arguments>
<status endtime="20140917 23:26:57.345" starttime="20140917 23:26:57.330" status="PASS"></status>
</kw>
<status endtime="20140917 23:26:57.345" starttime="20140917 23:26:57.330" status="PASS"></status>
</kw>
<kw type="kw" name="Check Location">
<doc></doc>
<arguments>
<arg>1</arg>
<arg>1</arg>
<arg>O</arg>
</arguments>
<kw type="kw" name="${component} = BuiltIn.Catenate">
<doc>Catenates the given items together and returns the resulted string.</doc>
<arguments>
<arg>SEPARATOR=</arg>
<arg>Location</arg>
<arg>${row}</arg>
<arg>${col}</arg>
</arguments>
<msg level="INFO" timestamp="20140917 23:26:57.345">${component} = Location11</msg>
<status endtime="20140917 23:26:57.345" starttime="20140917 23:26:57.345" status="PASS"></status>
</kw>
<kw type="kw" name="SwingLibrary.Label Text Should Be">
<doc>Checks the equality of given text and the text displayed on a label.</doc>
<arguments>
<arg>${component}</arg>
<arg>${mark}</arg>
</arguments>
<status endtime="20140917 23:26:57.345" starttime="20140917 23:26:57.345" status="PASS"></status>
</kw>
<status endtime="20140917 23:26:57.345" starttime="20140917 23:26:57.345" status="PASS"></status>
</kw>
<kw type="kw" name="Mark Location">
<doc></doc>
<arguments>
<arg>0</arg>
<arg>0</arg>
</arguments>
<kw type="kw" name="${component} = BuiltIn.Catenate">
<doc>Catenates the given items together and returns the resulted string.</doc>
<arguments>
<arg>SEPARATOR=</arg>
<arg>Location</arg>
<arg>${row}</arg>
<arg>${col}</arg>
</arguments>
<msg level="INFO" timestamp="20140917 23:26:57.361">${component} = Location00</msg>
<status endtime="20140917 23:26:57.361" starttime="20140917 23:26:57.361" status="PASS"></status>
</kw>
<kw type="kw" name="SwingLibrary.Click On Component">
<doc>Clicks on a component.</doc>
<arguments>
<arg>${component}</arg>
</arguments>
<status endtime="20140917 23:26:57.361" starttime="20140917 23:26:57.361" status="PASS"></status>
</kw>
<status endtime="20140917 23:26:57.361" starttime="20140917 23:26:57.345" status="PASS"></status>
</kw>
<kw type="kw" name="Check Location">
<doc></doc>
<arguments>
<arg>0</arg>
<arg>0</arg>
<arg>X</arg>
</arguments>
<kw type="kw" name="${component} = BuiltIn.Catenate">
<doc>Catenates the given items together and returns the resulted string.</doc>
<arguments>
<arg>SEPARATOR=</arg>
<arg>Location</arg>
<arg>${row}</arg>
<arg>${col}</arg>
</arguments>
<msg level="INFO" timestamp="20140917 23:26:57.361">${component} = Location00</msg>
<status endtime="20140917 23:26:57.361" starttime="20140917 23:26:57.361" status="PASS"></status>
</kw>
<kw type="kw" name="SwingLibrary.Label Text Should Be">
<doc>Checks the equality of given text and the text displayed on a label.</doc>
<arguments>
<arg>${component}</arg>
<arg>${mark}</arg>
</arguments>
<status endtime="20140917 23:26:57.377" starttime="20140917 23:26:57.361" status="PASS"></status>
</kw>
<status endtime="20140917 23:26:57.377" starttime="20140917 23:26:57.361" status="PASS"></status>
</kw>
<kw type="kw" name="Mark Location">
<doc></doc>
<arguments>
<arg>0</arg>
<arg>2</arg>
</arguments>
<kw type="kw" name="${component} = BuiltIn.Catenate">
<doc>Catenates the given items together and returns the resulted string.</doc>
<arguments>
<arg>SEPARATOR=</arg>
<arg>Location</arg>
<arg>${row}</arg>
<arg>${col}</arg>
</arguments>
<msg level="INFO" timestamp="20140917 23:26:57.377">${component} = Location02</msg>
<status endtime="20140917 23:26:57.377" starttime="20140917 23:26:57.377" status="PASS"></status>
</kw>
<kw type="kw" name="SwingLibrary.Click On Component">
<doc>Clicks on a component.</doc>
<arguments>
<arg>${component}</arg>
</arguments>
<status endtime="20140917 23:26:57.377" starttime="20140917 23:26:57.377" status="PASS"></status>
</kw>
<status endtime="20140917 23:26:57.377" starttime="20140917 23:26:57.377" status="PASS"></status>
</kw>
<kw type="kw" name="Check Location">
<doc></doc>
<arguments>
<arg>0</arg>
<arg>2</arg>
<arg>O</arg>
</arguments>
<kw type="kw" name="${component} = BuiltIn.Catenate">
<doc>Catenates the given items together and returns the resulted string.</doc>
<arguments>
<arg>SEPARATOR=</arg>
<arg>Location</arg>
<arg>${row}</arg>
<arg>${col}</arg>
</arguments>
<msg level="INFO" timestamp="20140917 23:26:57.392">${component} = Location02</msg>
<status endtime="20140917 23:26:57.392" starttime="20140917 23:26:57.392" status="PASS"></status>
</kw>
<kw type="kw" name="SwingLibrary.Label Text Should Be">
<doc>Checks the equality of given text and the text displayed on a label.</doc>
<arguments>
<arg>${component}</arg>
<arg>${mark}</arg>
</arguments>
<status endtime="20140917 23:26:57.392" starttime="20140917 23:26:57.392" status="PASS"></status>
</kw>
<status endtime="20140917 23:26:57.392" starttime="20140917 23:26:57.377" status="PASS"></status>
</kw>
<kw type="kw" name="Mark Location">
<doc></doc>
<arguments>
<arg>1</arg>
<arg>0</arg>
</arguments>
<kw type="kw" name="${component} = BuiltIn.Catenate">
<doc>Catenates the given items together and returns the resulted string.</doc>
<arguments>
<arg>SEPARATOR=</arg>
<arg>Location</arg>
<arg>${row}</arg>
<arg>${col}</arg>
</arguments>
<msg level="INFO" timestamp="20140917 23:26:57.392">${component} = Location10</msg>
<status endtime="20140917 23:26:57.392" starttime="20140917 23:26:57.392" status="PASS"></status>
</kw>
<kw type="kw" name="SwingLibrary.Click On Component">
<doc>Clicks on a component.</doc>
<arguments>
<arg>${component}</arg>
</arguments>
<status endtime="20140917 23:26:57.408" starttime="20140917 23:26:57.408" status="PASS"></status>
</kw>
<status endtime="20140917 23:26:57.408" starttime="20140917 23:26:57.392" status="PASS"></status>
</kw>
<kw type="kw" name="Check Location">
<doc></doc>
<arguments>
<arg>1</arg>
<arg>0</arg>
<arg>X</arg>
</arguments>
<kw type="kw" name="${component} = BuiltIn.Catenate">
<doc>Catenates the given items together and returns the resulted string.</doc>
<arguments>
<arg>SEPARATOR=</arg>
<arg>Location</arg>
<arg>${row}</arg>
<arg>${col}</arg>
</arguments>
<msg level="INFO" timestamp="20140917 23:26:57.408">${component} = Location10</msg>
<status endtime="20140917 23:26:57.408" starttime="20140917 23:26:57.408" status="PASS"></status>
</kw>
<kw type="kw" name="SwingLibrary.Label Text Should Be">
<doc>Checks the equality of given text and the text displayed on a label.</doc>
<arguments>
<arg>${component}</arg>
<arg>${mark}</arg>
</arguments>
<status endtime="20140917 23:26:57.423" starttime="20140917 23:26:57.408" status="PASS"></status>
</kw>
<status endtime="20140917 23:26:57.423" starttime="20140917 23:26:57.408" status="PASS"></status>
</kw>
<kw type="kw" name="Mark Location">
<doc></doc>
<arguments>
<arg>2</arg>
<arg>0</arg>
</arguments>
<kw type="kw" name="${component} = BuiltIn.Catenate">
<doc>Catenates the given items together and returns the resulted string.</doc>
<arguments>
<arg>SEPARATOR=</arg>
<arg>Location</arg>
<arg>${row}</arg>
<arg>${col}</arg>
</arguments>
<msg level="INFO" timestamp="20140917 23:26:57.423">${component} = Location20</msg>
<status endtime="20140917 23:26:57.423" starttime="20140917 23:26:57.423" status="PASS"></status>
</kw>
<kw type="kw" name="SwingLibrary.Click On Component">
<doc>Clicks on a component.</doc>
<arguments>
<arg>${component}</arg>
</arguments>
<status endtime="20140917 23:26:57.423" starttime="20140917 23:26:57.423" status="PASS"></status>
</kw>
<status endtime="20140917 23:26:57.423" starttime="20140917 23:26:57.423" status="PASS"></status>
</kw>
<kw type="kw" name="Check Location">
<doc></doc>
<arguments>
<arg>2</arg>
<arg>0</arg>
<arg>O</arg>
</arguments>
<kw type="kw" name="${component} = BuiltIn.Catenate">
<doc>Catenates the given items together and returns the resulted string.</doc>
<arguments>
<arg>SEPARATOR=</arg>
<arg>Location</arg>
<arg>${row}</arg>
<arg>${col}</arg>
</arguments>
<msg level="INFO" timestamp="20140917 23:26:57.439">${component} = Location20</msg>
<status endtime="20140917 23:26:57.439" starttime="20140917 23:26:57.423" status="PASS"></status>
</kw>
<kw type="kw" name="SwingLibrary.Label Text Should Be">
<doc>Checks the equality of given text and the text displayed on a label.</doc>
<arguments>
<arg>${component}</arg>
<arg>${mark}</arg>
</arguments>
<status endtime="20140917 23:26:57.470" starttime="20140917 23:26:57.439" status="PASS"></status>
</kw>
<status endtime="20140917 23:26:57.470" starttime="20140917 23:26:57.423" status="PASS"></status>
</kw>
<kw type="kw" name="Winner Should Be">
<doc></doc>
<arguments>
<arg>O</arg>
</arguments>
<kw type="kw" name="SwingLibrary.Select Dialog">
<doc>Selects a dialog as current context and sets focus to it.</doc>
<arguments>
<arg>Game Over</arg>
</arguments>
<status endtime="20140917 23:26:57.470" starttime="20140917 23:26:57.470" status="PASS"></status>
</kw>
<kw type="kw" name="${message} = BuiltIn.Catenate">
<doc>Catenates the given items together and returns the resulted string.</doc>
<arguments>
<arg>The winner is</arg>
<arg>${winner}</arg>
</arguments>
<msg level="INFO" timestamp="20140917 23:26:57.470">${message} = The winner is O</msg>
<status endtime="20140917 23:26:57.470" starttime="20140917 23:26:57.470" status="PASS"></status>
</kw>
<kw type="kw" name="SwingLibrary.Label Text Should Be">
<doc>Checks the equality of given text and the text displayed on a label.</doc>
<arguments>
<arg>OptionPane.label</arg>
<arg>${message}</arg>
</arguments>
<status endtime="20140917 23:26:57.470" starttime="20140917 23:26:57.470" status="PASS"></status>
</kw>
<kw type="kw" name="SwingLibrary.Close Dialog">
<doc>Closes a dialog.</doc>
<arguments>
<arg>Game Over</arg>
</arguments>
<status endtime="20140917 23:26:57.486" starttime="20140917 23:26:57.470" status="PASS"></status>
</kw>
<kw type="kw" name="SwingLibrary.Close Window">
<doc>Closes a window.</doc>
<arguments>
<arg>Tic Tac Toe</arg>
</arguments>
<status endtime="20140917 23:26:57.627" starttime="20140917 23:26:57.486" status="PASS"></status>
</kw>
<status endtime="20140917 23:26:57.627" starttime="20140917 23:26:57.470" status="PASS"></status>
</kw>
<doc></doc>
<tags>
</tags>
<status critical="yes" endtime="20140917 23:26:57.627" starttime="20140917 23:26:57.267" status="PASS"></status>
</test>
<test name="Win First Vertically as X" id="s1-t3">
<kw type="kw" name="Start New Game">
<doc></doc>
<arguments>
</arguments>
<kw type="kw" name="SwingLibrary.Start Application">
<doc>Alias for `Launch Application` keyword</doc>
<arguments>
<arg>edu.jsu.mcis.TicTacToeGame</arg>
</arguments>
<status endtime="20140917 23:26:57.673" starttime="20140917 23:26:57.642" status="PASS"></status>
</kw>
<kw type="kw" name="SwingLibrary.Select Window">
<doc>Selects a window as current context and sets focus to it.</doc>
<arguments>
<arg>Tic Tac Toe</arg>
</arguments>
<status endtime="20140917 23:26:57.705" starttime="20140917 23:26:57.673" status="PASS"></status>
</kw>
<status endtime="20140917 23:26:57.720" starttime="20140917 23:26:57.642" status="PASS"></status>
</kw>
<kw type="kw" name="Mark Location">
<doc></doc>
<arguments>
<arg>1</arg>
<arg>0</arg>
</arguments>
<kw type="kw" name="${component} = BuiltIn.Catenate">
<doc>Catenates the given items together and returns the resulted string.</doc>
<arguments>
<arg>SEPARATOR=</arg>
<arg>Location</arg>
<arg>${row}</arg>
<arg>${col}</arg>
</arguments>
<msg level="INFO" timestamp="20140917 23:26:57.720">${component} = Location10</msg>
<status endtime="20140917 23:26:57.720" starttime="20140917 23:26:57.720" status="PASS"></status>
</kw>
<kw type="kw" name="SwingLibrary.Click On Component">
<doc>Clicks on a component.</doc>
<arguments>
<arg>${component}</arg>
</arguments>
<status endtime="20140917 23:26:57.752" starttime="20140917 23:26:57.720" status="PASS"></status>
</kw>
<status endtime="20140917 23:26:57.752" starttime="20140917 23:26:57.720" status="PASS"></status>
</kw>
<kw type="kw" name="Check Location">
<doc></doc>
<arguments>
<arg>1</arg>
<arg>0</arg>
<arg>X</arg>
</arguments>
<kw type="kw" name="${component} = BuiltIn.Catenate">
<doc>Catenates the given items together and returns the resulted string.</doc>
<arguments>
<arg>SEPARATOR=</arg>
<arg>Location</arg>
<arg>${row}</arg>
<arg>${col}</arg>
</arguments>
<msg level="INFO" timestamp="20140917 23:26:57.767">${component} = Location10</msg>
<status endtime="20140917 23:26:57.767" starttime="20140917 23:26:57.752" status="PASS"></status>
</kw>
<kw type="kw" name="SwingLibrary.Label Text Should Be">
<doc>Checks the equality of given text and the text displayed on a label.</doc>
<arguments>
<arg>${component}</arg>
<arg>${mark}</arg>
</arguments>
<status endtime="20140917 23:26:57.767" starttime="20140917 23:26:57.767" status="PASS"></status>
</kw>
<status endtime="20140917 23:26:57.767" starttime="20140917 23:26:57.752" status="PASS"></status>
</kw>
<kw type="kw" name="Mark Location">
<doc></doc>
<arguments>
<arg>2</arg>
<arg>1</arg>
</arguments>
<kw type="kw" name="${component} = BuiltIn.Catenate">
<doc>Catenates the given items together and returns the resulted string.</doc>
<arguments>
<arg>SEPARATOR=</arg>
<arg>Location</arg>
<arg>${row}</arg>
<arg>${col}</arg>
</arguments>
<msg level="INFO" timestamp="20140917 23:26:57.783">${component} = Location21</msg>
<status endtime="20140917 23:26:57.783" starttime="20140917 23:26:57.783" status="PASS"></status>
</kw>
<kw type="kw" name="SwingLibrary.Click On Component">
<doc>Clicks on a component.</doc>
<arguments>
<arg>${component}</arg>
</arguments>
<status endtime="20140917 23:26:57.799" starttime="20140917 23:26:57.783" status="PASS"></status>
</kw>
<status endtime="20140917 23:26:57.799" starttime="20140917 23:26:57.783" status="PASS"></status>
</kw>
<kw type="kw" name="Check Location">
<doc></doc>
<arguments>
<arg>2</arg>
<arg>1</arg>
<arg>O</arg>
</arguments>
<kw type="kw" name="${component} = BuiltIn.Catenate">
<doc>Catenates the given items together and returns the resulted string.</doc>
<arguments>
<arg>SEPARATOR=</arg>
<arg>Location</arg>
<arg>${row}</arg>
<arg>${col}</arg>
</arguments>
<msg level="INFO" timestamp="20140917 23:26:57.814">${component} = Location21</msg>
<status endtime="20140917 23:26:57.814" starttime="20140917 23:26:57.814" status="PASS"></status>
</kw>
<kw type="kw" name="SwingLibrary.Label Text Should Be">
<doc>Checks the equality of given text and the text displayed on a label.</doc>
<arguments>
<arg>${component}</arg>
<arg>${mark}</arg>
</arguments>
<status endtime="20140917 23:26:57.814" starttime="20140917 23:26:57.814" status="PASS"></status>
</kw>
<status endtime="20140917 23:26:57.814" starttime="20140917 23:26:57.799" status="PASS"></status>
</kw>
<kw type="kw" name="Mark Location">
<doc></doc>
<arguments>
<arg>0</arg>
<arg>0</arg>
</arguments>
<kw type="kw" name="${component} = BuiltIn.Catenate">
<doc>Catenates the given items together and returns the resulted string.</doc>
<arguments>
<arg>SEPARATOR=</arg>
<arg>Location</arg>
<arg>${row}</arg>
<arg>${col}</arg>
</arguments>
<msg level="INFO" timestamp="20140917 23:26:57.830">${component} = Location00</msg>
<status endtime="20140917 23:26:57.830" starttime="20140917 23:26:57.830" status="PASS"></status>
</kw>
<kw type="kw" name="SwingLibrary.Click On Component">
<doc>Clicks on a component.</doc>
<arguments>
<arg>${component}</arg>
</arguments>
<status endtime="20140917 23:26:57.845" starttime="20140917 23:26:57.830" status="PASS"></status>
</kw>
<status endtime="20140917 23:26:57.845" starttime="20140917 23:26:57.814" status="PASS"></status>
</kw>
<kw type="kw" name="Check Location">
<doc></doc>
<arguments>
<arg>0</arg>
<arg>0</arg>
<arg>X</arg>
</arguments>
<kw type="kw" name="${component} = BuiltIn.Catenate">
<doc>Catenates the given items together and returns the resulted string.</doc>
<arguments>
<arg>SEPARATOR=</arg>
<arg>Location</arg>
<arg>${row}</arg>
<arg>${col}</arg>
</arguments>
<msg level="INFO" timestamp="20140917 23:26:57.845">${component} = Location00</msg>
<status endtime="20140917 23:26:57.845" starttime="20140917 23:26:57.845" status="PASS"></status>
</kw>
<kw type="kw" name="SwingLibrary.Label Text Should Be">
<doc>Checks the equality of given text and the text displayed on a label.</doc>
<arguments>
<arg>${component}</arg>
<arg>${mark}</arg>
</arguments>
<status endtime="20140917 23:26:57.861" starttime="20140917 23:26:57.845" status="PASS"></status>
</kw>
<status endtime="20140917 23:26:57.861" starttime="20140917 23:26:57.845" status="PASS"></status>
</kw>
<kw type="kw" name="Mark Location">
<doc></doc>
<arguments>
<arg>2</arg>
<arg>2</arg>
</arguments>
<kw type="kw" name="${component} = BuiltIn.Catenate">
<doc>Catenates the given items together and returns the resulted string.</doc>
<arguments>
<arg>SEPARATOR=</arg>
<arg>Location</arg>
<arg>${row}</arg>
<arg>${col}</arg>
</arguments>
<msg level="INFO" timestamp="20140917 23:26:57.877">${component} = Location22</msg>
<status endtime="20140917 23:26:57.877" starttime="20140917 23:26:57.861" status="PASS"></status>
</kw>
<kw type="kw" name="SwingLibrary.Click On Component">
<doc>Clicks on a component.</doc>
<arguments>
<arg>${component}</arg>
</arguments>
<status endtime="20140917 23:26:57.877" starttime="20140917 23:26:57.877" status="PASS"></status>
</kw>
<status endtime="20140917 23:26:57.877" starttime="20140917 23:26:57.861" status="PASS"></status>
</kw>
<kw type="kw" name="Check Location">
<doc></doc>
<arguments>
<arg>2</arg>
<arg>2</arg>
<arg>O</arg>
</arguments>
<kw type="kw" name="${component} = BuiltIn.Catenate">
<doc>Catenates the given items together and returns the resulted string.</doc>
<arguments>
<arg>SEPARATOR=</arg>
<arg>Location</arg>
<arg>${row}</arg>
<arg>${col}</arg>
</arguments>
<msg level="INFO" timestamp="20140917 23:26:57.892">${component} = Location22</msg>
<status endtime="20140917 23:26:57.892" starttime="20140917 23:26:57.892" status="PASS"></status>
</kw>
<kw type="kw" name="SwingLibrary.Label Text Should Be">
<doc>Checks the equality of given text and the text displayed on a label.</doc>
<arguments>
<arg>${component}</arg>
<arg>${mark}</arg>
</arguments>
<status endtime="20140917 23:26:57.892" starttime="20140917 23:26:57.892" status="PASS"></status>
</kw>
<status endtime="20140917 23:26:57.892" starttime="20140917 23:26:57.877" status="PASS"></status>
</kw>
<kw type="kw" name="Mark Location">
<doc></doc>
<arguments>
<arg>2</arg>
<arg>0</arg>
</arguments>
<kw type="kw" name="${component} = BuiltIn.Catenate">
<doc>Catenates the given items together and returns the resulted string.</doc>
<arguments>
<arg>SEPARATOR=</arg>
<arg>Location</arg>
<arg>${row}</arg>
<arg>${col}</arg>
</arguments>
<msg level="INFO" timestamp="20140917 23:26:57.908">${component} = Location20</msg>
<status endtime="20140917 23:26:57.908" starttime="20140917 23:26:57.892" status="PASS"></status>
</kw>
<kw type="kw" name="SwingLibrary.Click On Component">
<doc>Clicks on a component.</doc>
<arguments>
<arg>${component}</arg>
</arguments>
<status endtime="20140917 23:26:57.923" starttime="20140917 23:26:57.908" status="PASS"></status>
</kw>
<status endtime="20140917 23:26:57.923" starttime="20140917 23:26:57.892" status="PASS"></status>
</kw>
<kw type="kw" name="Check Location">
<doc></doc>
<arguments>
<arg>2</arg>
<arg>0</arg>
<arg>X</arg>
</arguments>
<kw type="kw" name="${component} = BuiltIn.Catenate">
<doc>Catenates the given items together and returns the resulted string.</doc>
<arguments>
<arg>SEPARATOR=</arg>
<arg>Location</arg>
<arg>${row}</arg>
<arg>${col}</arg>
</arguments>
<msg level="INFO" timestamp="20140917 23:26:57.923">${component} = Location20</msg>
<status endtime="20140917 23:26:57.923" starttime="20140917 23:26:57.923" status="PASS"></status>
</kw>
<kw type="kw" name="SwingLibrary.Label Text Should Be">
<doc>Checks the equality of given text and the text displayed on a label.</doc>
<arguments>
<arg>${component}</arg>
<arg>${mark}</arg>
</arguments>
<status endtime="20140917 23:26:57.955" starttime="20140917 23:26:57.923" status="PASS"></status>
</kw>
<status endtime="20140917 23:26:57.955" starttime="20140917 23:26:57.923" status="PASS"></status>
</kw>
<kw type="kw" name="Winner Should Be">
<doc></doc>
<arguments>
<arg>X</arg>
</arguments>
<kw type="kw" name="SwingLibrary.Select Dialog">
<doc>Selects a dialog as current context and sets focus to it.</doc>
<arguments>
<arg>Game Over</arg>
</arguments>
<status endtime="20140917 23:26:57.955" starttime="20140917 23:26:57.955" status="PASS"></status>
</kw>
<kw type="kw" name="${message} = BuiltIn.Catenate">
<doc>Catenates the given items together and returns the resulted string.</doc>
<arguments>
<arg>The winner is</arg>
<arg>${winner}</arg>
</arguments>
<msg level="INFO" timestamp="20140917 23:26:57.955">${message} = The winner is X</msg>
<status endtime="20140917 23:26:57.955" starttime="20140917 23:26:57.955" status="PASS"></status>
</kw>
<kw type="kw" name="SwingLibrary.Label Text Should Be">
<doc>Checks the equality of given text and the text displayed on a label.</doc>
<arguments>
<arg>OptionPane.label</arg>
<arg>${message}</arg>
</arguments>
<status endtime="20140917 23:26:57.970" starttime="20140917 23:26:57.955" status="PASS"></status>
</kw>
<kw type="kw" name="SwingLibrary.Close Dialog">
<doc>Closes a dialog.</doc>
<arguments>
<arg>Game Over</arg>
</arguments>
<status endtime="20140917 23:26:57.970" starttime="20140917 23:26:57.970" status="PASS"></status>
</kw>
<kw type="kw" name="SwingLibrary.Close Window">
<doc>Closes a window.</doc>
<arguments>
<arg>Tic Tac Toe</arg>
</arguments>
<status endtime="20140917 23:26:58.111" starttime="20140917 23:26:57.970" status="PASS"></status>
</kw>
<status endtime="20140917 23:26:58.111" starttime="20140917 23:26:57.955" status="PASS"></status>
</kw>
<doc></doc>
<tags>
</tags>
<status critical="yes" endtime="20140917 23:26:58.111" starttime="20140917 23:26:57.627" status="PASS"></status>
</test>
<test name="Win Second Vertically as X" id="s1-t4">
<kw type="kw" name="Start New Game">
<doc></doc>
<arguments>
</arguments>
<kw type="kw" name="SwingLibrary.Start Application">
<doc>Alias for `Launch Application` keyword</doc>
<arguments>
<arg>edu.jsu.mcis.TicTacToeGame</arg>
</arguments>
<status endtime="20140917 23:26:58.127" starttime="20140917 23:26:58.111" status="PASS"></status>
</kw>
<kw type="kw" name="SwingLibrary.Select Window">
<doc>Selects a window as current context and sets focus to it.</doc>
<arguments>
<arg>Tic Tac Toe</arg>
</arguments>
<status endtime="20140917 23:26:58.142" starttime="20140917 23:26:58.127" status="PASS"></status>
</kw>
<status endtime="20140917 23:26:58.142" starttime="20140917 23:26:58.111" status="PASS"></status>
</kw>
<kw type="kw" name="Mark Location">
<doc></doc>
<arguments>
<arg>1</arg>
<arg>1</arg>
</arguments>
<kw type="kw" name="${component} = BuiltIn.Catenate">
<doc>Catenates the given items together and returns the resulted string.</doc>
<arguments>
<arg>SEPARATOR=</arg>
<arg>Location</arg>
<arg>${row}</arg>
<arg>${col}</arg>
</arguments>
<msg level="INFO" timestamp="20140917 23:26:58.142">${component} = Location11</msg>
<status endtime="20140917 23:26:58.142" starttime="20140917 23:26:58.142" status="PASS"></status>
</kw>
<kw type="kw" name="SwingLibrary.Click On Component">
<doc>Clicks on a component.</doc>
<arguments>
<arg>${component}</arg>
</arguments>
<status endtime="20140917 23:26:58.142" starttime="20140917 23:26:58.142" status="PASS"></status>
</kw>
<status endtime="20140917 23:26:58.142" starttime="20140917 23:26:58.142" status="PASS"></status>
</kw>
<kw type="kw" name="Check Location">
<doc></doc>
<arguments>
<arg>1</arg>
<arg>1</arg>
<arg>X</arg>
</arguments>
<kw type="kw" name="${component} = BuiltIn.Catenate">
<doc>Catenates the given items together and returns the resulted string.</doc>
<arguments>
<arg>SEPARATOR=</arg>
<arg>Location</arg>
<arg>${row}</arg>
<arg>${col}</arg>
</arguments>
<msg level="INFO" timestamp="20140917 23:26:58.158">${component} = Location11</msg>
<status endtime="20140917 23:26:58.158" starttime="20140917 23:26:58.158" status="PASS"></status>
</kw>
<kw type="kw" name="SwingLibrary.Label Text Should Be">
<doc>Checks the equality of given text and the text displayed on a label.</doc>
<arguments>
<arg>${component}</arg>
<arg>${mark}</arg>
</arguments>
<status endtime="20140917 23:26:58.158" starttime="20140917 23:26:58.158" status="PASS"></status>
</kw>
<status endtime="20140917 23:26:58.158" starttime="20140917 23:26:58.142" status="PASS"></status>
</kw>
<kw type="kw" name="Mark Location">
<doc></doc>
<arguments>
<arg>2</arg>
<arg>0</arg>
</arguments>
<kw type="kw" name="${component} = BuiltIn.Catenate">
<doc>Catenates the given items together and returns the resulted string.</doc>
<arguments>
<arg>SEPARATOR=</arg>
<arg>Location</arg>
<arg>${row}</arg>
<arg>${col}</arg>
</arguments>
<msg level="INFO" timestamp="20140917 23:26:58.158">${component} = Location20</msg>
<status endtime="20140917 23:26:58.158" starttime="20140917 23:26:58.158" status="PASS"></status>
</kw>
<kw type="kw" name="SwingLibrary.Click On Component">
<doc>Clicks on a component.</doc>
<arguments>
<arg>${component}</arg>
</arguments>
<status endtime="20140917 23:26:58.173" starttime="20140917 23:26:58.158" status="PASS"></status>
</kw>
<status endtime="20140917 23:26:58.173" starttime="20140917 23:26:58.158" status="PASS"></status>
</kw>
<kw type="kw" name="Check Location">
<doc></doc>
<arguments>
<arg>2</arg>
<arg>0</arg>
<arg>O</arg>
</arguments>
<kw type="kw" name="${component} = BuiltIn.Catenate">
<doc>Catenates the given items together and returns the resulted string.</doc>
<arguments>
<arg>SEPARATOR=</arg>
<arg>Location</arg>
<arg>${row}</arg>
<arg>${col}</arg>
</arguments>
<msg level="INFO" timestamp="20140917 23:26:58.173">${component} = Location20</msg>
<status endtime="20140917 23:26:58.173" starttime="20140917 23:26:58.173" status="PASS"></status>
</kw>
<kw type="kw" name="SwingLibrary.Label Text Should Be">
<doc>Checks the equality of given text and the text displayed on a label.</doc>
<arguments>
<arg>${component}</arg>
<arg>${mark}</arg>
</arguments>
<status endtime="20140917 23:26:58.173" starttime="20140917 23:26:58.173" status="PASS"></status>
</kw>
<status endtime="20140917 23:26:58.173" starttime="20140917 23:26:58.173" status="PASS"></status>
</kw>
<kw type="kw" name="Mark Location">
<doc></doc>
<arguments>
<arg>0</arg>
<arg>1</arg>
</arguments>
<kw type="kw" name="${component} = BuiltIn.Catenate">
<doc>Catenates the given items together and returns the resulted string.</doc>
<arguments>
<arg>SEPARATOR=</arg>
<arg>Location</arg>
<arg>${row}</arg>
<arg>${col}</arg>
</arguments>
<msg level="INFO" timestamp="20140917 23:26:58.173">${component} = Location01</msg>
<status endtime="20140917 23:26:58.173" starttime="20140917 23:26:58.173" status="PASS"></status>
</kw>
<kw type="kw" name="SwingLibrary.Click On Component">
<doc>Clicks on a component.</doc>
<arguments>
<arg>${component}</arg>
</arguments>
<status endtime="20140917 23:26:58.189" starttime="20140917 23:26:58.173" status="PASS"></status>
</kw>
<status endtime="20140917 23:26:58.189" starttime="20140917 23:26:58.173" status="PASS"></status>
</kw>
<kw type="kw" name="Check Location">
<doc></doc>
<arguments>
<arg>0</arg>
<arg>1</arg>
<arg>X</arg>
</arguments>
<kw type="kw" name="${component} = BuiltIn.Catenate">
<doc>Catenates the given items together and returns the resulted string.</doc>
<arguments>
<arg>SEPARATOR=</arg>
<arg>Location</arg>
<arg>${row}</arg>
<arg>${col}</arg>
</arguments>
<msg level="INFO" timestamp="20140917 23:26:58.189">${component} = Location01</msg>
<status endtime="20140917 23:26:58.189" starttime="20140917 23:26:58.189" status="PASS"></status>
</kw>
<kw type="kw" name="SwingLibrary.Label Text Should Be">
<doc>Checks the equality of given text and the text displayed on a label.</doc>
<arguments>
<arg>${component}</arg>
<arg>${mark}</arg>
</arguments>
<status endtime="20140917 23:26:58.189" starttime="20140917 23:26:58.189" status="PASS"></status>
</kw>
<status endtime="20140917 23:26:58.189" starttime="20140917 23:26:58.189" status="PASS"></status>
</kw>
<kw type="kw" name="Mark Location">
<doc></doc>
<arguments>
<arg>2</arg>
<arg>2</arg>
</arguments>
<kw type="kw" name="${component} = BuiltIn.Catenate">
<doc>Catenates the given items together and returns the resulted string.</doc>
<arguments>
<arg>SEPARATOR=</arg>
<arg>Location</arg>
<arg>${row}</arg>
<arg>${col}</arg>
</arguments>
<msg level="INFO" timestamp="20140917 23:26:58.189">${component} = Location22</msg>
<status endtime="20140917 23:26:58.189" starttime="20140917 23:26:58.189" status="PASS"></status>
</kw>
<kw type="kw" name="SwingLibrary.Click On Component">
<doc>Clicks on a component.</doc>
<arguments>
<arg>${component}</arg>
</arguments>
<status endtime="20140917 23:26:58.205" starttime="20140917 23:26:58.189" status="PASS"></status>
</kw>
<status endtime="20140917 23:26:58.205" starttime="20140917 23:26:58.189" status="PASS"></status>
</kw>
<kw type="kw" name="Check Location">
<doc></doc>
<arguments>
<arg>2</arg>
<arg>2</arg>
<arg>O</arg>
</arguments>
<kw type="kw" name="${component} = BuiltIn.Catenate">
<doc>Catenates the given items together and returns the resulted string.</doc>
<arguments>
<arg>SEPARATOR=</arg>
<arg>Location</arg>
<arg>${row}</arg>
<arg>${col}</arg>
</arguments>
<msg level="INFO" timestamp="20140917 23:26:58.205">${component} = Location22</msg>
<status endtime="20140917 23:26:58.205" starttime="20140917 23:26:58.205" status="PASS"></status>
</kw>
<kw type="kw" name="SwingLibrary.Label Text Should Be">
<doc>Checks the equality of given text and the text displayed on a label.</doc>
<arguments>
<arg>${component}</arg>
<arg>${mark}</arg>
</arguments>
<status endtime="20140917 23:26:58.205" starttime="20140917 23:26:58.205" status="PASS"></status>
</kw>
<status endtime="20140917 23:26:58.205" starttime="20140917 23:26:58.205" status="PASS"></status>
</kw>
<kw type="kw" name="Mark Location">
<doc></doc>
<arguments>
<arg>2</arg>
<arg>1</arg>
</arguments>
<kw type="kw" name="${component} = BuiltIn.Catenate">
<doc>Catenates the given items together and returns the resulted string.</doc>
<arguments>
<arg>SEPARATOR=</arg>
<arg>Location</arg>
<arg>${row}</arg>
<arg>${col}</arg>
</arguments>
<msg level="INFO" timestamp="20140917 23:26:58.220">${component} = Location21</msg>
<status endtime="20140917 23:26:58.220" starttime="20140917 23:26:58.220" status="PASS"></status>
</kw>
<kw type="kw" name="SwingLibrary.Click On Component">
<doc>Clicks on a component.</doc>
<arguments>
<arg>${component}</arg>
</arguments>
<status endtime="20140917 23:26:58.220" starttime="20140917 23:26:58.220" status="PASS"></status>
</kw>
<status endtime="20140917 23:26:58.220" starttime="20140917 23:26:58.205" status="PASS"></status>
</kw>
<kw type="kw" name="Check Location">
<doc></doc>
<arguments>
<arg>2</arg>
<arg>1</arg>
<arg>X</arg>
</arguments>
<kw type="kw" name="${component} = BuiltIn.Catenate">
<doc>Catenates the given items together and returns the resulted string.</doc>
<arguments>
<arg>SEPARATOR=</arg>
<arg>Location</arg>
<arg>${row}</arg>
<arg>${col}</arg>
</arguments>
<msg level="INFO" timestamp="20140917 23:26:58.236">${component} = Location21</msg>
<status endtime="20140917 23:26:58.236" starttime="20140917 23:26:58.236" status="PASS"></status>
</kw>
<kw type="kw" name="SwingLibrary.Label Text Should Be">
<doc>Checks the equality of given text and the text displayed on a label.</doc>
<arguments>
<arg>${component}</arg>
<arg>${mark}</arg>
</arguments>
<status endtime="20140917 23:26:58.252" starttime="20140917 23:26:58.236" status="PASS"></status>
</kw>
<status endtime="20140917 23:26:58.252" starttime="20140917 23:26:58.220" status="PASS"></status>
</kw>
<kw type="kw" name="Winner Should Be">
<doc></doc>
<arguments>
<arg>X</arg>
</arguments>
<kw type="kw" name="SwingLibrary.Select Dialog">
<doc>Selects a dialog as current context and sets focus to it.</doc>
<arguments>
<arg>Game Over</arg>
</arguments>
<status endtime="20140917 23:26:58.252" starttime="20140917 23:26:58.252" status="PASS"></status>
</kw>
<kw type="kw" name="${message} = BuiltIn.Catenate">
<doc>Catenates the given items together and returns the resulted string.</doc>
<arguments>
<arg>The winner is</arg>
<arg>${winner}</arg>
</arguments>
<msg level="INFO" timestamp="20140917 23:26:58.267">${message} = The winner is X</msg>
<status endtime="20140917 23:26:58.267" starttime="20140917 23:26:58.267" status="PASS"></status>
</kw>
<kw type="kw" name="SwingLibrary.Label Text Should Be">
<doc>Checks the equality of given text and the text displayed on a label.</doc>
<arguments>
<arg>OptionPane.label</arg>
<arg>${message}</arg>
</arguments>
<status endtime="20140917 23:26:58.267" starttime="20140917 23:26:58.267" status="PASS"></status>
</kw>
<kw type="kw" name="SwingLibrary.Close Dialog">
<doc>Closes a dialog.</doc>
<arguments>
<arg>Game Over</arg>
</arguments>
<status endtime="20140917 23:26:58.267" starttime="20140917 23:26:58.267" status="PASS"></status>
</kw>
<kw type="kw" name="SwingLibrary.Close Window">
<doc>Closes a window.</doc>
<arguments>
<arg>Tic Tac Toe</arg>
</arguments>
<status endtime="20140917 23:26:58.408" starttime="20140917 23:26:58.267" status="PASS"></status>
</kw>
<status endtime="20140917 23:26:58.408" starttime="20140917 23:26:58.252" status="PASS"></status>
</kw>
<doc></doc>
<tags>
</tags>
<status critical="yes" endtime="20140917 23:26:58.408" starttime="20140917 23:26:58.111" status="PASS"></status>
</test>
<test name="Win Third Vertically as O" id="s1-t5">
<kw type="kw" name="Start New Game">
<doc></doc>
<arguments>
</arguments>
<kw type="kw" name="SwingLibrary.Start Application">
<doc>Alias for `Launch Application` keyword</doc>
<arguments>
<arg>edu.jsu.mcis.TicTacToeGame</arg>
</arguments>
<status endtime="20140917 23:26:58.423" starttime="20140917 23:26:58.408" status="PASS"></status>
</kw>
<kw type="kw" name="SwingLibrary.Select Window">
<doc>Selects a window as current context and sets focus to it.</doc>
<arguments>
<arg>Tic Tac Toe</arg>
</arguments>
<status endtime="20140917 23:26:58.439" starttime="20140917 23:26:58.423" status="PASS"></status>
</kw>
<status endtime="20140917 23:26:58.439" starttime="20140917 23:26:58.408" status="PASS"></status>
</kw>
<kw type="kw" name="Mark Location">
<doc></doc>
<arguments>
<arg>1</arg>
<arg>1</arg>
</arguments>
<kw type="kw" name="${component} = BuiltIn.Catenate">
<doc>Catenates the given items together and returns the resulted string.</doc>
<arguments>
<arg>SEPARATOR=</arg>
<arg>Location</arg>
<arg>${row}</arg>
<arg>${col}</arg>
</arguments>
<msg level="INFO" timestamp="20140917 23:26:58.439">${component} = Location11</msg>
<status endtime="20140917 23:26:58.439" starttime="20140917 23:26:58.439" status="PASS"></status>
</kw>
<kw type="kw" name="SwingLibrary.Click On Component">
<doc>Clicks on a component.</doc>
<arguments>
<arg>${component}</arg>
</arguments>
<status endtime="20140917 23:26:58.439" starttime="20140917 23:26:58.439" status="PASS"></status>
</kw>
<status endtime="20140917 23:26:58.439" starttime="20140917 23:26:58.439" status="PASS"></status>
</kw>
<kw type="kw" name="Check Location">
<doc></doc>
<arguments>
<arg>1</arg>
<arg>1</arg>
<arg>X</arg>
</arguments>
<kw type="kw" name="${component} = BuiltIn.Catenate">
<doc>Catenates the given items together and returns the resulted string.</doc>
<arguments>
<arg>SEPARATOR=</arg>
<arg>Location</arg>
<arg>${row}</arg>
<arg>${col}</arg>
</arguments>
<msg level="INFO" timestamp="20140917 23:26:58.455">${component} = Location11</msg>
<status endtime="20140917 23:26:58.455" starttime="20140917 23:26:58.455" status="PASS"></status>
</kw>
<kw type="kw" name="SwingLibrary.Label Text Should Be">
<doc>Checks the equality of given text and the text displayed on a label.</doc>
<arguments>
<arg>${component}</arg>
<arg>${mark}</arg>
</arguments>
<status endtime="20140917 23:26:58.455" starttime="20140917 23:26:58.455" status="PASS"></status>
</kw>
<status endtime="20140917 23:26:58.455" starttime="20140917 23:26:58.455" status="PASS"></status>
</kw>
<kw type="kw" name="Mark Location">
<doc></doc>
<arguments>
<arg>2</arg>
<arg>2</arg>
</arguments>
<kw type="kw" name="${component} = BuiltIn.Catenate">
<doc>Catenates the given items together and returns the resulted string.</doc>
<arguments>
<arg>SEPARATOR=</arg>
<arg>Location</arg>
<arg>${row}</arg>
<arg>${col}</arg>
</arguments>
<msg level="INFO" timestamp="20140917 23:26:58.455">${component} = Location22</msg>
<status endtime="20140917 23:26:58.455" starttime="20140917 23:26:58.455" status="PASS"></status>
</kw>
<kw type="kw" name="SwingLibrary.Click On Component">
<doc>Clicks on a component.</doc>
<arguments>
<arg>${component}</arg>
</arguments>
<status endtime="20140917 23:26:58.455" starttime="20140917 23:26:58.455" status="PASS"></status>
</kw>
<status endtime="20140917 23:26:58.455" starttime="20140917 23:26:58.455" status="PASS"></status>
</kw>
<kw type="kw" name="Check Location">
<doc></doc>
<arguments>
<arg>2</arg>
<arg>2</arg>
<arg>O</arg>
</arguments>
<kw type="kw" name="${component} = BuiltIn.Catenate">
<doc>Catenates the given items together and returns the resulted string.</doc>
<arguments>
<arg>SEPARATOR=</arg>
<arg>Location</arg>
<arg>${row}</arg>
<arg>${col}</arg>
</arguments>
<msg level="INFO" timestamp="20140917 23:26:58.470">${component} = Location22</msg>
<status endtime="20140917 23:26:58.470" starttime="20140917 23:26:58.470" status="PASS"></status>
</kw>
<kw type="kw" name="SwingLibrary.Label Text Should Be">
<doc>Checks the equality of given text and the text displayed on a label.</doc>
<arguments>
<arg>${component}</arg>
<arg>${mark}</arg>
</arguments>
<status endtime="20140917 23:26:58.470" starttime="20140917 23:26:58.470" status="PASS"></status>
</kw>
<status endtime="20140917 23:26:58.470" starttime="20140917 23:26:58.470" status="PASS"></status>
</kw>
<kw type="kw" name="Mark Location">
<doc></doc>
<arguments>
<arg>0</arg>
<arg>1</arg>
</arguments>
<kw type="kw" name="${component} = BuiltIn.Catenate">
<doc>Catenates the given items together and returns the resulted string.</doc>
<arguments>
<arg>SEPARATOR=</arg>
<arg>Location</arg>
<arg>${row}</arg>
<arg>${col}</arg>
</arguments>
<msg level="INFO" timestamp="20140917 23:26:58.470">${component} = Location01</msg>
<status endtime="20140917 23:26:58.470" starttime="20140917 23:26:58.470" status="PASS"></status>
</kw>
<kw type="kw" name="SwingLibrary.Click On Component">
<doc>Clicks on a component.</doc>
<arguments>
<arg>${component}</arg>
</arguments>
<status endtime="20140917 23:26:58.470" starttime="20140917 23:26:58.470" status="PASS"></status>
</kw>
<status endtime="20140917 23:26:58.470" starttime="20140917 23:26:58.470" status="PASS"></status>
</kw>
<kw type="kw" name="Check Location">
<doc></doc>
<arguments>
<arg>0</arg>
<arg>1</arg>
<arg>X</arg>
</arguments>
<kw type="kw" name="${component} = BuiltIn.Catenate">
<doc>Catenates the given items together and returns the resulted string.</doc>
<arguments>
<arg>SEPARATOR=</arg>
<arg>Location</arg>
<arg>${row}</arg>
<arg>${col}</arg>
</arguments>
<msg level="INFO" timestamp="20140917 23:26:58.486">${component} = Location01</msg>
<status endtime="20140917 23:26:58.486" starttime="20140917 23:26:58.486" status="PASS"></status>
</kw>
<kw type="kw" name="SwingLibrary.Label Text Should Be">
<doc>Checks the equality of given text and the text displayed on a label.</doc>
<arguments>
<arg>${component}</arg>
<arg>${mark}</arg>
</arguments>
<status endtime="20140917 23:26:58.486" starttime="20140917 23:26:58.486" status="PASS"></status>
</kw>
<status endtime="20140917 23:26:58.486" starttime="20140917 23:26:58.470" status="PASS"></status>
</kw>
<kw type="kw" name="Mark Location">
<doc></doc>
<arguments>
<arg>1</arg>
<arg>2</arg>
</arguments>
<kw type="kw" name="${component} = BuiltIn.Catenate">
<doc>Catenates the given items together and returns the resulted string.</doc>
<arguments>
<arg>SEPARATOR=</arg>
<arg>Location</arg>
<arg>${row}</arg>
<arg>${col}</arg>
</arguments>
<msg level="INFO" timestamp="20140917 23:26:58.486">${component} = Location12</msg>
<status endtime="20140917 23:26:58.486" starttime="20140917 23:26:58.486" status="PASS"></status>
</kw>
<kw type="kw" name="SwingLibrary.Click On Component">
<doc>Clicks on a component.</doc>
<arguments>
<arg>${component}</arg>
</arguments>
<status endtime="20140917 23:26:58.486" starttime="20140917 23:26:58.486" status="PASS"></status>
</kw>
<status endtime="20140917 23:26:58.486" starttime="20140917 23:26:58.486" status="PASS"></status>
</kw>
<kw type="kw" name="Check Location">
<doc></doc>
<arguments>
<arg>1</arg>
<arg>2</arg>
<arg>O</arg>
</arguments>
<kw type="kw" name="${component} = BuiltIn.Catenate">
<doc>Catenates the given items together and returns the resulted string.</doc>
<arguments>
<arg>SEPARATOR=</arg>
<arg>Location</arg>
<arg>${row}</arg>
<arg>${col}</arg>
</arguments>
<msg level="INFO" timestamp="20140917 23:26:58.486">${component} = Location12</msg>
<status endtime="20140917 23:26:58.486" starttime="20140917 23:26:58.486" status="PASS"></status>
</kw>
<kw type="kw" name="SwingLibrary.Label Text Should Be">
<doc>Checks the equality of given text and the text displayed on a label.</doc>
<arguments>
<arg>${component}</arg>
<arg>${mark}</arg>
</arguments>
<status endtime="20140917 23:26:58.502" starttime="20140917 23:26:58.502" status="PASS"></status>
</kw>
<status endtime="20140917 23:26:58.502" starttime="20140917 23:26:58.486" status="PASS"></status>
</kw>
<kw type="kw" name="Mark Location">
<doc></doc>
<arguments>
<arg>0</arg>
<arg>0</arg>
</arguments>
<kw type="kw" name="${component} = BuiltIn.Catenate">
<doc>Catenates the given items together and returns the resulted string.</doc>
<arguments>
<arg>SEPARATOR=</arg>
<arg>Location</arg>
<arg>${row}</arg>
<arg>${col}</arg>
</arguments>
<msg level="INFO" timestamp="20140917 23:26:58.502">${component} = Location00</msg>
<status endtime="20140917 23:26:58.502" starttime="20140917 23:26:58.502" status="PASS"></status>
</kw>
<kw type="kw" name="SwingLibrary.Click On Component">
<doc>Clicks on a component.</doc>
<arguments>
<arg>${component}</arg>
</arguments>
<status endtime="20140917 23:26:58.502" starttime="20140917 23:26:58.502" status="PASS"></status>
</kw>
<status endtime="20140917 23:26:58.502" starttime="20140917 23:26:58.502" status="PASS"></status>
</kw>
<kw type="kw" name="Check Location">
<doc></doc>
<arguments>
<arg>0</arg>
<arg>0</arg>
<arg>X</arg>
</arguments>
<kw type="kw" name="${component} = BuiltIn.Catenate">
<doc>Catenates the given items together and returns the resulted string.</doc>
<arguments>
<arg>SEPARATOR=</arg>
<arg>Location</arg>
<arg>${row}</arg>
<arg>${col}</arg>
</arguments>
<msg level="INFO" timestamp="20140917 23:26:58.502">${component} = Location00</msg>
<status endtime="20140917 23:26:58.502" starttime="20140917 23:26:58.502" status="PASS"></status>
</kw>
<kw type="kw" name="SwingLibrary.Label Text Should Be">
<doc>Checks the equality of given text and the text displayed on a label.</doc>
<arguments>
<arg>${component}</arg>
<arg>${mark}</arg>
</arguments>
<status endtime="20140917 23:26:58.517" starttime="20140917 23:26:58.502" status="PASS"></status>
</kw>
<status endtime="20140917 23:26:58.517" starttime="20140917 23:26:58.502" status="PASS"></status>
</kw>
<kw type="kw" name="Mark Location">
<doc></doc>
<arguments>
<arg>0</arg>
<arg>2</arg>
</arguments>
<kw type="kw" name="${component} = BuiltIn.Catenate">
<doc>Catenates the given items together and returns the resulted string.</doc>
<arguments>
<arg>SEPARATOR=</arg>
<arg>Location</arg>
<arg>${row}</arg>
<arg>${col}</arg>
</arguments>
<msg level="INFO" timestamp="20140917 23:26:58.517">${component} = Location02</msg>
<status endtime="20140917 23:26:58.517" starttime="20140917 23:26:58.517" status="PASS"></status>
</kw>
<kw type="kw" name="SwingLibrary.Click On Component">
<doc>Clicks on a component.</doc>
<arguments>
<arg>${component}</arg>
</arguments>
<status endtime="20140917 23:26:58.517" starttime="20140917 23:26:58.517" status="PASS"></status>
</kw>
<status endtime="20140917 23:26:58.517" starttime="20140917 23:26:58.517" status="PASS"></status>
</kw>
<kw type="kw" name="Check Location">
<doc></doc>
<arguments>
<arg>0</arg>
<arg>2</arg>
<arg>O</arg>
</arguments>
<kw type="kw" name="${component} = BuiltIn.Catenate">
<doc>Catenates the given items together and returns the resulted string.</doc>
<arguments>
<arg>SEPARATOR=</arg>
<arg>Location</arg>
<arg>${row}</arg>
<arg>${col}</arg>
</arguments>
<msg level="INFO" timestamp="20140917 23:26:58.517">${component} = Location02</msg>
<status endtime="20140917 23:26:58.517" starttime="20140917 23:26:58.517" status="PASS"></status>
</kw>
<kw type="kw" name="SwingLibrary.Label Text Should Be">
<doc>Checks the equality of given text and the text displayed on a label.</doc>
<arguments>
<arg>${component}</arg>
<arg>${mark}</arg>
</arguments>
<status endtime="20140917 23:26:58.548" starttime="20140917 23:26:58.533" status="PASS"></status>
</kw>
<status endtime="20140917 23:26:58.548" starttime="20140917 23:26:58.517" status="PASS"></status>
</kw>
<kw type="kw" name="Winner Should Be">
<doc></doc>
<arguments>
<arg>O</arg>
</arguments>
<kw type="kw" name="SwingLibrary.Select Dialog">
<doc>Selects a dialog as current context and sets focus to it.</doc>
<arguments>
<arg>Game Over</arg>
</arguments>
<status endtime="20140917 23:26:58.564" starttime="20140917 23:26:58.548" status="PASS"></status>
</kw>
<kw type="kw" name="${message} = BuiltIn.Catenate">
<doc>Catenates the given items together and returns the resulted string.</doc>
<arguments>
<arg>The winner is</arg>
<arg>${winner}</arg>
</arguments>
<msg level="INFO" timestamp="20140917 23:26:58.564">${message} = The winner is O</msg>
<status endtime="20140917 23:26:58.564" starttime="20140917 23:26:58.564" status="PASS"></status>
</kw>
<kw type="kw" name="SwingLibrary.Label Text Should Be">
<doc>Checks the equality of given text and the text displayed on a label.</doc>
<arguments>
<arg>OptionPane.label</arg>
<arg>${message}</arg>
</arguments>
<status endtime="20140917 23:26:58.564" starttime="20140917 23:26:58.564" status="PASS"></status>
</kw>
<kw type="kw" name="SwingLibrary.Close Dialog">
<doc>Closes a dialog.</doc>
<arguments>
<arg>Game Over</arg>
</arguments>
<status endtime="20140917 23:26:58.564" starttime="20140917 23:26:58.564" status="PASS"></status>
</kw>
<kw type="kw" name="SwingLibrary.Close Window">
<doc>Closes a window.</doc>
<arguments>
<arg>Tic Tac Toe</arg>
</arguments>
<status endtime="20140917 23:26:58.705" starttime="20140917 23:26:58.564" status="PASS"></status>
</kw>
<status endtime="20140917 23:26:58.705" starttime="20140917 23:26:58.548" status="PASS"></status>
</kw>
<doc></doc>
<tags>
</tags>
<status critical="yes" endtime="20140917 23:26:58.705" starttime="20140917 23:26:58.408" status="PASS"></status>
</test>
<test name="Win First Horizontally as X" id="s1-t6">
<kw type="kw" name="Start New Game">
<doc></doc>
<arguments>
</arguments>
<kw type="kw" name="SwingLibrary.Start Application">
<doc>Alias for `Launch Application` keyword</doc>
<arguments>
<arg>edu.jsu.mcis.TicTacToeGame</arg>
</arguments>
<status endtime="20140917 23:26:58.720" starttime="20140917 23:26:58.705" status="PASS"></status>
</kw>
<kw type="kw" name="SwingLibrary.Select Window">
<doc>Selects a window as current context and sets focus to it.</doc>
<arguments>
<arg>Tic Tac Toe</arg>
</arguments>
<status endtime="20140917 23:26:58.736" starttime="20140917 23:26:58.720" status="PASS"></status>
</kw>
<status endtime="20140917 23:26:58.736" starttime="20140917 23:26:58.705" status="PASS"></status>
</kw>
<kw type="kw" name="Mark Location">
<doc></doc>
<arguments>
<arg>0</arg>
<arg>0</arg>
</arguments>
<kw type="kw" name="${component} = BuiltIn.Catenate">
<doc>Catenates the given items together and returns the resulted string.</doc>
<arguments>
<arg>SEPARATOR=</arg>
<arg>Location</arg>
<arg>${row}</arg>
<arg>${col}</arg>
</arguments>
<msg level="INFO" timestamp="20140917 23:26:58.736">${component} = Location00</msg>
<status endtime="20140917 23:26:58.736" starttime="20140917 23:26:58.736" status="PASS"></status>
</kw>
<kw type="kw" name="SwingLibrary.Click On Component">
<doc>Clicks on a component.</doc>
<arguments>
<arg>${component}</arg>
</arguments>
<status endtime="20140917 23:26:58.736" starttime="20140917 23:26:58.736" status="PASS"></status>
</kw>
<status endtime="20140917 23:26:58.736" starttime="20140917 23:26:58.736" status="PASS"></status>
</kw>
<kw type="kw" name="Check Location">
<doc></doc>
<arguments>
<arg>0</arg>
<arg>0</arg>
<arg>X</arg>
</arguments>
<kw type="kw" name="${component} = BuiltIn.Catenate">
<doc>Catenates the given items together and returns the resulted string.</doc>
<arguments>
<arg>SEPARATOR=</arg>
<arg>Location</arg>
<arg>${row}</arg>
<arg>${col}</arg>
</arguments>
<msg level="INFO" timestamp="20140917 23:26:58.736">${component} = Location00</msg>
<status endtime="20140917 23:26:58.736" starttime="20140917 23:26:58.736" status="PASS"></status>
</kw>
<kw type="kw" name="SwingLibrary.Label Text Should Be">
<doc>Checks the equality of given text and the text displayed on a label.</doc>
<arguments>
<arg>${component}</arg>
<arg>${mark}</arg>
</arguments>
<status endtime="20140917 23:26:58.752" starttime="20140917 23:26:58.736" status="PASS"></status>
</kw>
<status endtime="20140917 23:26:58.752" starttime="20140917 23:26:58.736" status="PASS"></status>
</kw>
<kw type="kw" name="Mark Location">
<doc></doc>
<arguments>
<arg>1</arg>
<arg>1</arg>
</arguments>
<kw type="kw" name="${component} = BuiltIn.Catenate">
<doc>Catenates the given items together and returns the resulted string.</doc>
<arguments>
<arg>SEPARATOR=</arg>
<arg>Location</arg>
<arg>${row}</arg>
<arg>${col}</arg>
</arguments>
<msg level="INFO" timestamp="20140917 23:26:58.752">${component} = Location11</msg>
<status endtime="20140917 23:26:58.752" starttime="20140917 23:26:58.752" status="PASS"></status>
</kw>
<kw type="kw" name="SwingLibrary.Click On Component">
<doc>Clicks on a component.</doc>
<arguments>
<arg>${component}</arg>
</arguments>
<status endtime="20140917 23:26:58.752" starttime="20140917 23:26:58.752" status="PASS"></status>
</kw>
<status endtime="20140917 23:26:58.752" starttime="20140917 23:26:58.752" status="PASS"></status>
</kw>
<kw type="kw" name="Check Location">
<doc></doc>
<arguments>
<arg>1</arg>
<arg>1</arg>
<arg>O</arg>
</arguments>
<kw type="kw" name="${component} = BuiltIn.Catenate">
<doc>Catenates the given items together and returns the resulted string.</doc>
<arguments>
<arg>SEPARATOR=</arg>
<arg>Location</arg>
<arg>${row}</arg>
<arg>${col}</arg>
</arguments>
<msg level="INFO" timestamp="20140917 23:26:58.752">${component} = Location11</msg>
<status endtime="20140917 23:26:58.752" starttime="20140917 23:26:58.752" status="PASS"></status>
</kw>
<kw type="kw" name="SwingLibrary.Label Text Should Be">
<doc>Checks the equality of given text and the text displayed on a label.</doc>
<arguments>
<arg>${component}</arg>
<arg>${mark}</arg>
</arguments>
<status endtime="20140917 23:26:58.767" starttime="20140917 23:26:58.752" status="PASS"></status>
</kw>
<status endtime="20140917 23:26:58.767" starttime="20140917 23:26:58.752" status="PASS"></status>
</kw>
<kw type="kw" name="Mark Location">
<doc></doc>
<arguments>
<arg>0</arg>
<arg>1</arg>
</arguments>
<kw type="kw" name="${component} = BuiltIn.Catenate">
<doc>Catenates the given items together and returns the resulted string.</doc>
<arguments>
<arg>SEPARATOR=</arg>
<arg>Location</arg>
<arg>${row}</arg>
<arg>${col}</arg>
</arguments>
<msg level="INFO" timestamp="20140917 23:26:58.767">${component} = Location01</msg>
<status endtime="20140917 23:26:58.767" starttime="20140917 23:26:58.767" status="PASS"></status>
</kw>
<kw type="kw" name="SwingLibrary.Click On Component">
<doc>Clicks on a component.</doc>
<arguments>
<arg>${component}</arg>
</arguments>
<status endtime="20140917 23:26:58.767" starttime="20140917 23:26:58.767" status="PASS"></status>
</kw>
<status endtime="20140917 23:26:58.767" starttime="20140917 23:26:58.767" status="PASS"></status>
</kw>
<kw type="kw" name="Check Location">
<doc></doc>
<arguments>
<arg>0</arg>
<arg>1</arg>
<arg>X</arg>
</arguments>
<kw type="kw" name="${component} = BuiltIn.Catenate">
<doc>Catenates the given items together and returns the resulted string.</doc>
<arguments>
<arg>SEPARATOR=</arg>
<arg>Location</arg>
<arg>${row}</arg>
<arg>${col}</arg>
</arguments>
<msg level="INFO" timestamp="20140917 23:26:58.783">${component} = Location01</msg>
<status endtime="20140917 23:26:58.783" starttime="20140917 23:26:58.783" status="PASS"></status>
</kw>
<kw type="kw" name="SwingLibrary.Label Text Should Be">
<doc>Checks the equality of given text and the text displayed on a label.</doc>
<arguments>
<arg>${component}</arg>
<arg>${mark}</arg>
</arguments>
<status endtime="20140917 23:26:58.783" starttime="20140917 23:26:58.783" status="PASS"></status>
</kw>
<status endtime="20140917 23:26:58.783" starttime="20140917 23:26:58.767" status="PASS"></status>
</kw>
<kw type="kw" name="Mark Location">
<doc></doc>
<arguments>
<arg>1</arg>
<arg>0</arg>
</arguments>
<kw type="kw" name="${component} = BuiltIn.Catenate">
<doc>Catenates the given items together and returns the resulted string.</doc>
<arguments>
<arg>SEPARATOR=</arg>
<arg>Location</arg>
<arg>${row}</arg>
<arg>${col}</arg>
</arguments>
<msg level="INFO" timestamp="20140917 23:26:58.798">${component} = Location10</msg>
<status endtime="20140917 23:26:58.798" starttime="20140917 23:26:58.783" status="PASS"></status>
</kw>
<kw type="kw" name="SwingLibrary.Click On Component">
<doc>Clicks on a component.</doc>
<arguments>
<arg>${component}</arg>
</arguments>
<status endtime="20140917 23:26:58.798" starttime="20140917 23:26:58.798" status="PASS"></status>
</kw>
<status endtime="20140917 23:26:58.798" starttime="20140917 23:26:58.783" status="PASS"></status>
</kw>
<kw type="kw" name="Check Location">
<doc></doc>
<arguments>
<arg>1</arg>
<arg>0</arg>
<arg>O</arg>
</arguments>
<kw type="kw" name="${component} = BuiltIn.Catenate">
<doc>Catenates the given items together and returns the resulted string.</doc>
<arguments>
<arg>SEPARATOR=</arg>
<arg>Location</arg>
<arg>${row}</arg>
<arg>${col}</arg>
</arguments>
<msg level="INFO" timestamp="20140917 23:26:58.798">${component} = Location10</msg>
<status endtime="20140917 23:26:58.798" starttime="20140917 23:26:58.798" status="PASS"></status>
</kw>
<kw type="kw" name="SwingLibrary.Label Text Should Be">
<doc>Checks the equality of given text and the text displayed on a label.</doc>
<arguments>
<arg>${component}</arg>
<arg>${mark}</arg>
</arguments>
<status endtime="20140917 23:26:58.814" starttime="20140917 23:26:58.798" status="PASS"></status>
</kw>
<status endtime="20140917 23:26:58.814" starttime="20140917 23:26:58.798" status="PASS"></status>
</kw>
<kw type="kw" name="Mark Location">
<doc></doc>
<arguments>
<arg>0</arg>
<arg>2</arg>
</arguments>
<kw type="kw" name="${component} = BuiltIn.Catenate">
<doc>Catenates the given items together and returns the resulted string.</doc>
<arguments>
<arg>SEPARATOR=</arg>
<arg>Location</arg>
<arg>${row}</arg>
<arg>${col}</arg>
</arguments>
<msg level="INFO" timestamp="20140917 23:26:58.814">${component} = Location02</msg>
<status endtime="20140917 23:26:58.814" starttime="20140917 23:26:58.814" status="PASS"></status>
</kw>
<kw type="kw" name="SwingLibrary.Click On Component">
<doc>Clicks on a component.</doc>
<arguments>
<arg>${component}</arg>
</arguments>
<status endtime="20140917 23:26:58.814" starttime="20140917 23:26:58.814" status="PASS"></status>
</kw>
<status endtime="20140917 23:26:58.814" starttime="20140917 23:26:58.814" status="PASS"></status>
</kw>
<kw type="kw" name="Check Location">
<doc></doc>
<arguments>
<arg>0</arg>
<arg>2</arg>
<arg>X</arg>
</arguments>
<kw type="kw" name="${component} = BuiltIn.Catenate">
<doc>Catenates the given items together and returns the resulted string.</doc>
<arguments>
<arg>SEPARATOR=</arg>
<arg>Location</arg>
<arg>${row}</arg>
<arg>${col}</arg>
</arguments>
<msg level="INFO" timestamp="20140917 23:26:58.830">${component} = Location02</msg>
<status endtime="20140917 23:26:58.830" starttime="20140917 23:26:58.814" status="PASS"></status>
</kw>
<kw type="kw" name="SwingLibrary.Label Text Should Be">
<doc>Checks the equality of given text and the text displayed on a label.</doc>
<arguments>
<arg>${component}</arg>
<arg>${mark}</arg>
</arguments>
<status endtime="20140917 23:26:58.845" starttime="20140917 23:26:58.830" status="PASS"></status>
</kw>
<status endtime="20140917 23:26:58.845" starttime="20140917 23:26:58.814" status="PASS"></status>
</kw>
<kw type="kw" name="Winner Should Be">
<doc></doc>
<arguments>
<arg>X</arg>
</arguments>
<kw type="kw" name="SwingLibrary.Select Dialog">
<doc>Selects a dialog as current context and sets focus to it.</doc>
<arguments>
<arg>Game Over</arg>
</arguments>
<status endtime="20140917 23:26:58.845" starttime="20140917 23:26:58.845" status="PASS"></status>
</kw>
<kw type="kw" name="${message} = BuiltIn.Catenate">
<doc>Catenates the given items together and returns the resulted string.</doc>
<arguments>
<arg>The winner is</arg>
<arg>${winner}</arg>
</arguments>
<msg level="INFO" timestamp="20140917 23:26:58.845">${message} = The winner is X</msg>
<status endtime="20140917 23:26:58.845" starttime="20140917 23:26:58.845" status="PASS"></status>
</kw>
<kw type="kw" name="SwingLibrary.Label Text Should Be">
<doc>Checks the equality of given text and the text displayed on a label.</doc>
<arguments>
<arg>OptionPane.label</arg>
<arg>${message}</arg>
</arguments>
<status endtime="20140917 23:26:58.845" starttime="20140917 23:26:58.845" status="PASS"></status>
</kw>
<kw type="kw" name="SwingLibrary.Close Dialog">
<doc>Closes a dialog.</doc>
<arguments>
<arg>Game Over</arg>
</arguments>
<status endtime="20140917 23:26:58.861" starttime="20140917 23:26:58.845" status="PASS"></status>
</kw>
<kw type="kw" name="SwingLibrary.Close Window">
<doc>Closes a window.</doc>
<arguments>
<arg>Tic Tac Toe</arg>
</arguments>
<status endtime="20140917 23:26:59.002" starttime="20140917 23:26:58.861" status="PASS"></status>
</kw>
<status endtime="20140917 23:26:59.002" starttime="20140917 23:26:58.845" status="PASS"></status>
</kw>
<doc></doc>
<tags>
</tags>
<status critical="yes" endtime="20140917 23:26:59.002" starttime="20140917 23:26:58.705" status="PASS"></status>
</test>
<test name="Win Second Horizontally as O" id="s1-t7">
<kw type="kw" name="Start New Game">
<doc></doc>
<arguments>
</arguments>
<kw type="kw" name="SwingLibrary.Start Application">
<doc>Alias for `Launch Application` keyword</doc>
<arguments>
<arg>edu.jsu.mcis.TicTacToeGame</arg>
</arguments>
<status endtime="20140917 23:26:59.017" starttime="20140917 23:26:59.002" status="PASS"></status>
</kw>
<kw type="kw" name="SwingLibrary.Select Window">
<doc>Selects a window as current context and sets focus to it.</doc>
<arguments>
<arg>Tic Tac Toe</arg>
</arguments>
<status endtime="20140917 23:26:59.033" starttime="20140917 23:26:59.033" status="PASS"></status>
</kw>
<status endtime="20140917 23:26:59.033" starttime="20140917 23:26:59.002" status="PASS"></status>
</kw>
<kw type="kw" name="Mark Location">
<doc></doc>
<arguments>
<arg>0</arg>
<arg>0</arg>
</arguments>
<kw type="kw" name="${component} = BuiltIn.Catenate">
<doc>Catenates the given items together and returns the resulted string.</doc>
<arguments>
<arg>SEPARATOR=</arg>
<arg>Location</arg>
<arg>${row}</arg>
<arg>${col}</arg>
</arguments>
<msg level="INFO" timestamp="20140917 23:26:59.049">${component} = Location00</msg>
<status endtime="20140917 23:26:59.049" starttime="20140917 23:26:59.049" status="PASS"></status>
</kw>
<kw type="kw" name="SwingLibrary.Click On Component">
<doc>Clicks on a component.</doc>
<arguments>
<arg>${component}</arg>
</arguments>
<status endtime="20140917 23:26:59.049" starttime="20140917 23:26:59.049" status="PASS"></status>
</kw>
<status endtime="20140917 23:26:59.049" starttime="20140917 23:26:59.049" status="PASS"></status>
</kw>
<kw type="kw" name="Check Location">
<doc></doc>
<arguments>
<arg>0</arg>
<arg>0</arg>
<arg>X</arg>
</arguments>
<kw type="kw" name="${component} = BuiltIn.Catenate">
<doc>Catenates the given items together and returns the resulted string.</doc>
<arguments>
<arg>SEPARATOR=</arg>
<arg>Location</arg>
<arg>${row}</arg>
<arg>${col}</arg>
</arguments>
<msg level="INFO" timestamp="20140917 23:26:59.049">${component} = Location00</msg>
<status endtime="20140917 23:26:59.049" starttime="20140917 23:26:59.049" status="PASS"></status>
</kw>
<kw type="kw" name="SwingLibrary.Label Text Should Be">
<doc>Checks the equality of given text and the text displayed on a label.</doc>
<arguments>
<arg>${component}</arg>
<arg>${mark}</arg>
</arguments>
<status endtime="20140917 23:26:59.049" starttime="20140917 23:26:59.049" status="PASS"></status>
</kw>
<status endtime="20140917 23:26:59.049" starttime="20140917 23:26:59.049" status="PASS"></status>
</kw>
<kw type="kw" name="Mark Location">
<doc></doc>
<arguments>
<arg>1</arg>
<arg>1</arg>
</arguments>
<kw type="kw" name="${component} = BuiltIn.Catenate">
<doc>Catenates the given items together and returns the resulted string.</doc>
<arguments>
<arg>SEPARATOR=</arg>
<arg>Location</arg>
<arg>${row}</arg>
<arg>${col}</arg>
</arguments>
<msg level="INFO" timestamp="20140917 23:26:59.064">${component} = Location11</msg>
<status endtime="20140917 23:26:59.049" starttime="20140917 23:26:59.049" status="PASS"></status>
</kw>
<kw type="kw" name="SwingLibrary.Click On Component">
<doc>Clicks on a component.</doc>
<arguments>
<arg>${component}</arg>
</arguments>
<status endtime="20140917 23:26:59.064" starttime="20140917 23:26:59.064" status="PASS"></status>
</kw>
<status endtime="20140917 23:26:59.064" starttime="20140917 23:26:59.049" status="PASS"></status>
</kw>
<kw type="kw" name="Check Location">
<doc></doc>
<arguments>
<arg>1</arg>
<arg>1</arg>
<arg>O</arg>
</arguments>
<kw type="kw" name="${component} = BuiltIn.Catenate">
<doc>Catenates the given items together and returns the resulted string.</doc>
<arguments>
<arg>SEPARATOR=</arg>
<arg>Location</arg>
<arg>${row}</arg>
<arg>${col}</arg>
</arguments>
<msg level="INFO" timestamp="20140917 23:26:59.064">${component} = Location11</msg>
<status endtime="20140917 23:26:59.064" starttime="20140917 23:26:59.064" status="PASS"></status>
</kw>
<kw type="kw" name="SwingLibrary.Label Text Should Be">
<doc>Checks the equality of given text and the text displayed on a label.</doc>
<arguments>
<arg>${component}</arg>
<arg>${mark}</arg>
</arguments>
<status endtime="20140917 23:26:59.064" starttime="20140917 23:26:59.064" status="PASS"></status>
</kw>
<status endtime="20140917 23:26:59.064" starttime="20140917 23:26:59.064" status="PASS"></status>
</kw>
<kw type="kw" name="Mark Location">
<doc></doc>
<arguments>
<arg>0</arg>
<arg>1</arg>
</arguments>
<kw type="kw" name="${component} = BuiltIn.Catenate">
<doc>Catenates the given items together and returns the resulted string.</doc>
<arguments>
<arg>SEPARATOR=</arg>
<arg>Location</arg>
<arg>${row}</arg>
<arg>${col}</arg>
</arguments>
<msg level="INFO" timestamp="20140917 23:26:59.080">${component} = Location01</msg>
<status endtime="20140917 23:26:59.080" starttime="20140917 23:26:59.064" status="PASS"></status>
</kw>
<kw type="kw" name="SwingLibrary.Click On Component">
<doc>Clicks on a component.</doc>
<arguments>
<arg>${component}</arg>
</arguments>
<status endtime="20140917 23:26:59.080" starttime="20140917 23:26:59.080" status="PASS"></status>
</kw>
<status endtime="20140917 23:26:59.080" starttime="20140917 23:26:59.064" status="PASS"></status>
</kw>
<kw type="kw" name="Check Location">
<doc></doc>
<arguments>
<arg>0</arg>
<arg>1</arg>
<arg>X</arg>
</arguments>
<kw type="kw" name="${component} = BuiltIn.Catenate">
<doc>Catenates the given items together and returns the resulted string.</doc>
<arguments>
<arg>SEPARATOR=</arg>
<arg>Location</arg>
<arg>${row}</arg>
<arg>${col}</arg>
</arguments>
<msg level="INFO" timestamp="20140917 23:26:59.080">${component} = Location01</msg>
<status endtime="20140917 23:26:59.080" starttime="20140917 23:26:59.080" status="PASS"></status>
</kw>
<kw type="kw" name="SwingLibrary.Label Text Should Be">
<doc>Checks the equality of given text and the text displayed on a label.</doc>
<arguments>
<arg>${component}</arg>
<arg>${mark}</arg>
</arguments>
<status endtime="20140917 23:26:59.080" starttime="20140917 23:26:59.080" status="PASS"></status>
</kw>
<status endtime="20140917 23:26:59.080" starttime="20140917 23:26:59.080" status="PASS"></status>
</kw>
<kw type="kw" name="Mark Location">
<doc></doc>
<arguments>
[...]
<doc>Closes a dialog.</doc>
<arguments>
<arg>Game Over</arg>
</arguments>
<status endtime="20140917 23:26:59.470" starttime="20140917 23:26:59.470" status="PASS"></status>
</kw>
<kw type="kw" name="SwingLibrary.Close Window">
<doc>Closes a window.</doc>
<arguments>
<arg>Tic Tac Toe</arg>
</arguments>
<status endtime="20140917 23:26:59.627" starttime="20140917 23:26:59.470" status="PASS"></status>
</kw>
<status endtime="20140917 23:26:59.627" starttime="20140917 23:26:59.439" status="PASS"></status>
</kw>
<doc></doc>
<tags>
</tags>
<status critical="yes" endtime="20140917 23:26:59.627" starttime="20140917 23:26:59.314" status="PASS"></status>
</test>
<test name="Force a Tie" id="s1-t9">
<kw type="kw" name="Start New Game">
<doc></doc>
<arguments>
</arguments>
<kw type="kw" name="SwingLibrary.Start Application">
<doc>Alias for `Launch Application` keyword</doc>
<arguments>
<arg>edu.jsu.mcis.TicTacToeGame</arg>
</arguments>
<status endtime="20140917 23:26:59.642" starttime="20140917 23:26:59.627" status="PASS"></status>
</kw>
<kw type="kw" name="SwingLibrary.Select Window">
<doc>Selects a window as current context and sets focus to it.</doc>
<arguments>
<arg>Tic Tac Toe</arg>
</arguments>
<status endtime="20140917 23:26:59.658" starttime="20140917 23:26:59.642" status="PASS"></status>
</kw>
<status endtime="20140917 23:26:59.658" starttime="20140917 23:26:59.627" status="PASS"></status>
</kw>
<kw type="kw" name="Mark Location">
<doc></doc>
<arguments>
<arg>1</arg>
<arg>1</arg>
</arguments>
<kw type="kw" name="${component} = BuiltIn.Catenate">
<doc>Catenates the given items together and returns the resulted string.</doc>
<arguments>
<arg>SEPARATOR=</arg>
<arg>Location</arg>
<arg>${row}</arg>
<arg>${col}</arg>
</arguments>
<msg level="INFO" timestamp="20140917 23:26:59.658">${component} = Location11</msg>
<status endtime="20140917 23:26:59.658" starttime="20140917 23:26:59.658" status="PASS"></status>
</kw>
<kw type="kw" name="SwingLibrary.Click On Component">
<doc>Clicks on a component.</doc>
<arguments>
<arg>${component}</arg>
</arguments>
<status endtime="20140917 23:26:59.658" starttime="20140917 23:26:59.658" status="PASS"></status>
</kw>
<status endtime="20140917 23:26:59.658" starttime="20140917 23:26:59.658" status="PASS"></status>
</kw>
<kw type="kw" name="Check Location">
<doc></doc>
<arguments>
<arg>1</arg>
<arg>1</arg>
<arg>X</arg>
</arguments>
<kw type="kw" name="${component} = BuiltIn.Catenate">
<doc>Catenates the given items together and returns the resulted string.</doc>
<arguments>
<arg>SEPARATOR=</arg>
<arg>Location</arg>
<arg>${row}</arg>
<arg>${col}</arg>
</arguments>
<msg level="INFO" timestamp="20140917 23:26:59.658">${component} = Location11</msg>
<status endtime="20140917 23:26:59.658" starttime="20140917 23:26:59.658" status="PASS"></status>
</kw>
<kw type="kw" name="SwingLibrary.Label Text Should Be">
<doc>Checks the equality of given text and the text displayed on a label.</doc>
<arguments>
<arg>${component}</arg>
<arg>${mark}</arg>
</arguments>
<status endtime="20140917 23:26:59.674" starttime="20140917 23:26:59.658" status="PASS"></status>
</kw>
<status endtime="20140917 23:26:59.674" starttime="20140917 23:26:59.658" status="PASS"></status>
</kw>
<kw type="kw" name="Mark Location">
<doc></doc>
<arguments>
<arg>0</arg>
<arg>0</arg>
</arguments>
<kw type="kw" name="${component} = BuiltIn.Catenate">
<doc>Catenates the given items together and returns the resulted string.</doc>
<arguments>
<arg>SEPARATOR=</arg>
<arg>Location</arg>
<arg>${row}</arg>
<arg>${col}</arg>
</arguments>
<msg level="INFO" timestamp="20140917 23:26:59.674">${component} = Location00</msg>
<status endtime="20140917 23:26:59.674" starttime="20140917 23:26:59.674" status="PASS"></status>
</kw>
<kw type="kw" name="SwingLibrary.Click On Component">
<doc>Clicks on a component.</doc>
<arguments>
<arg>${component}</arg>
</arguments>
<status endtime="20140917 23:26:59.674" starttime="20140917 23:26:59.674" status="PASS"></status>
</kw>
<status endtime="20140917 23:26:59.674" starttime="20140917 23:26:59.674" status="PASS"></status>
</kw>
<kw type="kw" name="Check Location">
<doc></doc>
<arguments>
<arg>0</arg>
<arg>0</arg>
<arg>O</arg>
</arguments>
<kw type="kw" name="${component} = BuiltIn.Catenate">
<doc>Catenates the given items together and returns the resulted string.</doc>
<arguments>
<arg>SEPARATOR=</arg>
<arg>Location</arg>
<arg>${row}</arg>
<arg>${col}</arg>
</arguments>
<msg level="INFO" timestamp="20140917 23:26:59.674">${component} = Location00</msg>
<status endtime="20140917 23:26:59.674" starttime="20140917 23:26:59.674" status="PASS"></status>
</kw>
<kw type="kw" name="SwingLibrary.Label Text Should Be">
<doc>Checks the equality of given text and the text displayed on a label.</doc>
<arguments>
<arg>${component}</arg>
<arg>${mark}</arg>
</arguments>
<status endtime="20140917 23:26:59.674" starttime="20140917 23:26:59.674" status="PASS"></status>
</kw>
<status endtime="20140917 23:26:59.689" starttime="20140917 23:26:59.674" status="PASS"></status>
</kw>
<kw type="kw" name="Mark Location">
<doc></doc>
<arguments>
<arg>2</arg>
<arg>0</arg>
</arguments>
<kw type="kw" name="${component} = BuiltIn.Catenate">
<doc>Catenates the given items together and returns the resulted string.</doc>
<arguments>
<arg>SEPARATOR=</arg>
<arg>Location</arg>
<arg>${row}</arg>
<arg>${col}</arg>
</arguments>
<msg level="INFO" timestamp="20140917 23:26:59.689">${component} = Location20</msg>
<status endtime="20140917 23:26:59.689" starttime="20140917 23:26:59.689" status="PASS"></status>
</kw>
<kw type="kw" name="SwingLibrary.Click On Component">
<doc>Clicks on a component.</doc>
<arguments>
<arg>${component}</arg>
</arguments>
<status endtime="20140917 23:26:59.705" starttime="20140917 23:26:59.689" status="PASS"></status>
</kw>
<status endtime="20140917 23:26:59.705" starttime="20140917 23:26:59.689" status="PASS"></status>
</kw>
<kw type="kw" name="Check Location">
<doc></doc>
<arguments>
<arg>2</arg>
<arg>0</arg>
<arg>X</arg>
</arguments>
<kw type="kw" name="${component} = BuiltIn.Catenate">
<doc>Catenates the given items together and returns the resulted string.</doc>
<arguments>
<arg>SEPARATOR=</arg>
<arg>Location</arg>
<arg>${row}</arg>
<arg>${col}</arg>
</arguments>
<msg level="INFO" timestamp="20140917 23:26:59.705">${component} = Location20</msg>
<status endtime="20140917 23:26:59.705" starttime="20140917 23:26:59.705" status="PASS"></status>
</kw>
<kw type="kw" name="SwingLibrary.Label Text Should Be">
<doc>Checks the equality of given text and the text displayed on a label.</doc>
<arguments>
<arg>${component}</arg>
<arg>${mark}</arg>
</arguments>
<status endtime="20140917 23:26:59.705" starttime="20140917 23:26:59.705" status="PASS"></status>
</kw>
<status endtime="20140917 23:26:59.705" starttime="20140917 23:26:59.705" status="PASS"></status>
</kw>
<kw type="kw" name="Mark Location">
<doc></doc>
<arguments>
<arg>0</arg>
<arg>2</arg>
</arguments>
<kw type="kw" name="${component} = BuiltIn.Catenate">
<doc>Catenates the given items together and returns the resulted string.</doc>
<arguments>
<arg>SEPARATOR=</arg>
<arg>Location</arg>
<arg>${row}</arg>
<arg>${col}</arg>
</arguments>
<msg level="INFO" timestamp="20140917 23:26:59.705">${component} = Location02</msg>
<status endtime="20140917 23:26:59.705" starttime="20140917 23:26:59.705" status="PASS"></status>
</kw>
<kw type="kw" name="SwingLibrary.Click On Component">
<doc>Clicks on a component.</doc>
<arguments>
<arg>${component}</arg>
</arguments>
<status endtime="20140917 23:26:59.720" starttime="20140917 23:26:59.705" status="PASS"></status>
</kw>
<status endtime="20140917 23:26:59.720" starttime="20140917 23:26:59.705" status="PASS"></status>
</kw>
<kw type="kw" name="Check Location">
<doc></doc>
<arguments>
<arg>0</arg>
<arg>2</arg>
<arg>O</arg>
</arguments>
<kw type="kw" name="${component} = BuiltIn.Catenate">
<doc>Catenates the given items together and returns the resulted string.</doc>
<arguments>
<arg>SEPARATOR=</arg>
<arg>Location</arg>
<arg>${row}</arg>
<arg>${col}</arg>
</arguments>
<msg level="INFO" timestamp="20140917 23:26:59.720">${component} = Location02</msg>
<status endtime="20140917 23:26:59.720" starttime="20140917 23:26:59.720" status="PASS"></status>
</kw>
<kw type="kw" name="SwingLibrary.Label Text Should Be">
<doc>Checks the equality of given text and the text displayed on a label.</doc>
<arguments>
<arg>${component}</arg>
<arg>${mark}</arg>
</arguments>
<status endtime="20140917 23:26:59.720" starttime="20140917 23:26:59.720" status="PASS"></status>
</kw>
<status endtime="20140917 23:26:59.720" starttime="20140917 23:26:59.720" status="PASS"></status>
</kw>
<kw type="kw" name="Mark Location">
<doc></doc>
<arguments>
<arg>0</arg>
<arg>1</arg>
</arguments>
<kw type="kw" name="${component} = BuiltIn.Catenate">
<doc>Catenates the given items together and returns the resulted string.</doc>
<arguments>
<arg>SEPARATOR=</arg>
<arg>Location</arg>
<arg>${row}</arg>
<arg>${col}</arg>
</arguments>
<msg level="INFO" timestamp="20140917 23:26:59.720">${component} = Location01</msg>
<status endtime="20140917 23:26:59.720" starttime="20140917 23:26:59.720" status="PASS"></status>
</kw>
<kw type="kw" name="SwingLibrary.Click On Component">
<doc>Clicks on a component.</doc>
<arguments>
<arg>${component}</arg>
</arguments>
<status endtime="20140917 23:26:59.720" starttime="20140917 23:26:59.720" status="PASS"></status>
</kw>
<status endtime="20140917 23:26:59.736" starttime="20140917 23:26:59.720" status="PASS"></status>
</kw>
<kw type="kw" name="Check Location">
<doc></doc>
<arguments>
<arg>0</arg>
<arg>1</arg>
<arg>X</arg>
</arguments>
<kw type="kw" name="${component} = BuiltIn.Catenate">
<doc>Catenates the given items together and returns the resulted string.</doc>
<arguments>
<arg>SEPARATOR=</arg>
<arg>Location</arg>
<arg>${row}</arg>
<arg>${col}</arg>
</arguments>
<msg level="INFO" timestamp="20140917 23:26:59.736">${component} = Location01</msg>
<status endtime="20140917 23:26:59.736" starttime="20140917 23:26:59.736" status="PASS"></status>
</kw>
<kw type="kw" name="SwingLibrary.Label Text Should Be">
<doc>Checks the equality of given text and the text displayed on a label.</doc>
<arguments>
<arg>${component}</arg>
<arg>${mark}</arg>
</arguments>
<status endtime="20140917 23:26:59.736" starttime="20140917 23:26:59.736" status="PASS"></status>
</kw>
<status endtime="20140917 23:26:59.736" starttime="20140917 23:26:59.736" status="PASS"></status>
</kw>
<kw type="kw" name="Mark Location">
<doc></doc>
<arguments>
<arg>2</arg>
<arg>1</arg>
</arguments>
<kw type="kw" name="${component} = BuiltIn.Catenate">
<doc>Catenates the given items together and returns the resulted string.</doc>
<arguments>
<arg>SEPARATOR=</arg>
<arg>Location</arg>
<arg>${row}</arg>
<arg>${col}</arg>
</arguments>
<msg level="INFO" timestamp="20140917 23:26:59.736">${component} = Location21</msg>
<status endtime="20140917 23:26:59.736" starttime="20140917 23:26:59.736" status="PASS"></status>
</kw>
<kw type="kw" name="SwingLibrary.Click On Component">
<doc>Clicks on a component.</doc>
<arguments>
<arg>${component}</arg>
</arguments>
<status endtime="20140917 23:26:59.736" starttime="20140917 23:26:59.736" status="PASS"></status>
</kw>
<status endtime="20140917 23:26:59.736" starttime="20140917 23:26:59.736" status="PASS"></status>
</kw>
<kw type="kw" name="Check Location">
<doc></doc>
<arguments>
<arg>2</arg>
<arg>1</arg>
<arg>O</arg>
</arguments>
<kw type="kw" name="${component} = BuiltIn.Catenate">
<doc>Catenates the given items together and returns the resulted string.</doc>
<arguments>
<arg>SEPARATOR=</arg>
<arg>Location</arg>
<arg>${row}</arg>
<arg>${col}</arg>
</arguments>
<msg level="INFO" timestamp="20140917 23:26:59.752">${component} = Location21</msg>
<status endtime="20140917 23:26:59.752" starttime="20140917 23:26:59.752" status="PASS"></status>
</kw>
<kw type="kw" name="SwingLibrary.Label Text Should Be">
<doc>Checks the equality of given text and the text displayed on a label.</doc>
<arguments>
<arg>${component}</arg>
<arg>${mark}</arg>
</arguments>
<status endtime="20140917 23:26:59.752" starttime="20140917 23:26:59.752" status="PASS"></status>
</kw>
<status endtime="20140917 23:26:59.752" starttime="20140917 23:26:59.736" status="PASS"></status>
</kw>
<kw type="kw" name="Mark Location">
<doc></doc>
<arguments>
<arg>1</arg>
<arg>2</arg>
</arguments>
<kw type="kw" name="${component} = BuiltIn.Catenate">
<doc>Catenates the given items together and returns the resulted string.</doc>
<arguments>
<arg>SEPARATOR=</arg>
<arg>Location</arg>
<arg>${row}</arg>
<arg>${col}</arg>
</arguments>
<msg level="INFO" timestamp="20140917 23:26:59.752">${component} = Location12</msg>
<status endtime="20140917 23:26:59.752" starttime="20140917 23:26:59.752" status="PASS"></status>
</kw>
<kw type="kw" name="SwingLibrary.Click On Component">
<doc>Clicks on a component.</doc>
<arguments>
<arg>${component}</arg>
</arguments>
<status endtime="20140917 23:26:59.767" starttime="20140917 23:26:59.752" status="PASS"></status>
</kw>
<status endtime="20140917 23:26:59.767" starttime="20140917 23:26:59.752" status="PASS"></status>
</kw>
<kw type="kw" name="Check Location">
<doc></doc>
<arguments>
<arg>1</arg>
<arg>2</arg>
<arg>X</arg>
</arguments>
<kw type="kw" name="${component} = BuiltIn.Catenate">
<doc>Catenates the given items together and returns the resulted string.</doc>
<arguments>
<arg>SEPARATOR=</arg>
<arg>Location</arg>
<arg>${row}</arg>
<arg>${col}</arg>
</arguments>
<msg level="INFO" timestamp="20140917 23:26:59.767">${component} = Location12</msg>
<status endtime="20140917 23:26:59.767" starttime="20140917 23:26:59.767" status="PASS"></status>
</kw>
<kw type="kw" name="SwingLibrary.Label Text Should Be">
<doc>Checks the equality of given text and the text displayed on a label.</doc>
<arguments>
<arg>${component}</arg>
<arg>${mark}</arg>
</arguments>
<status endtime="20140917 23:26:59.767" starttime="20140917 23:26:59.767" status="PASS"></status>
</kw>
<status endtime="20140917 23:26:59.767" starttime="20140917 23:26:59.767" status="PASS"></status>
</kw>
<kw type="kw" name="Mark Location">
<doc></doc>
<arguments>
<arg>1</arg>
<arg>0</arg>
</arguments>
<kw type="kw" name="${component} = BuiltIn.Catenate">
<doc>Catenates the given items together and returns the resulted string.</doc>
<arguments>
<arg>SEPARATOR=</arg>
<arg>Location</arg>
<arg>${row}</arg>
<arg>${col}</arg>
</arguments>
<msg level="INFO" timestamp="20140917 23:26:59.767">${component} = Location10</msg>
<status endtime="20140917 23:26:59.767" starttime="20140917 23:26:59.767" status="PASS"></status>
</kw>
<kw type="kw" name="SwingLibrary.Click On Component">
<doc>Clicks on a component.</doc>
<arguments>
<arg>${component}</arg>
</arguments>
<status endtime="20140917 23:26:59.767" starttime="20140917 23:26:59.767" status="PASS"></status>
</kw>
<status endtime="20140917 23:26:59.767" starttime="20140917 23:26:59.767" status="PASS"></status>
</kw>
<kw type="kw" name="Check Location">
<doc></doc>
<arguments>
<arg>1</arg>
<arg>0</arg>
<arg>O</arg>
</arguments>
<kw type="kw" name="${component} = BuiltIn.Catenate">
<doc>Catenates the given items together and returns the resulted string.</doc>
<arguments>
<arg>SEPARATOR=</arg>
<arg>Location</arg>
<arg>${row}</arg>
<arg>${col}</arg>
</arguments>
<msg level="INFO" timestamp="20140917 23:26:59.783">${component} = Location10</msg>
<status endtime="20140917 23:26:59.783" starttime="20140917 23:26:59.767" status="PASS"></status>
</kw>
<kw type="kw" name="SwingLibrary.Label Text Should Be">
<doc>Checks the equality of given text and the text displayed on a label.</doc>
<arguments>
<arg>${component}</arg>
<arg>${mark}</arg>
</arguments>
<status endtime="20140917 23:26:59.783" starttime="20140917 23:26:59.783" status="PASS"></status>
</kw>
<status endtime="20140917 23:26:59.783" starttime="20140917 23:26:59.767" status="PASS"></status>
</kw>
<kw type="kw" name="Mark Location">
<doc></doc>
<arguments>
<arg>2</arg>
<arg>2</arg>
</arguments>
<kw type="kw" name="${component} = BuiltIn.Catenate">
<doc>Catenates the given items together and returns the resulted string.</doc>
<arguments>
<arg>SEPARATOR=</arg>
<arg>Location</arg>
<arg>${row}</arg>
<arg>${col}</arg>
</arguments>
<msg level="INFO" timestamp="20140917 23:26:59.783">${component} = Location22</msg>
<status endtime="20140917 23:26:59.783" starttime="20140917 23:26:59.783" status="PASS"></status>
</kw>
<kw type="kw" name="SwingLibrary.Click On Component">
<doc>Clicks on a component.</doc>
<arguments>
<arg>${component}</arg>
</arguments>
<status endtime="20140917 23:26:59.783" starttime="20140917 23:26:59.783" status="PASS"></status>
</kw>
<status endtime="20140917 23:26:59.783" starttime="20140917 23:26:59.783" status="PASS"></status>
</kw>
<kw type="kw" name="Check Location">
<doc></doc>
<arguments>
<arg>2</arg>
<arg>2</arg>
<arg>X</arg>
</arguments>
<kw type="kw" name="${component} = BuiltIn.Catenate">
<doc>Catenates the given items together and returns the resulted string.</doc>
<arguments>
<arg>SEPARATOR=</arg>
<arg>Location</arg>
<arg>${row}</arg>
<arg>${col}</arg>
</arguments>
<msg level="INFO" timestamp="20140917 23:26:59.799">${component} = Location22</msg>
<status endtime="20140917 23:26:59.799" starttime="20140917 23:26:59.783" status="PASS"></status>
</kw>
<kw type="kw" name="SwingLibrary.Label Text Should Be">
<doc>Checks the equality of given text and the text displayed on a label.</doc>
<arguments>
<arg>${component}</arg>
<arg>${mark}</arg>
</arguments>
<status endtime="20140917 23:26:59.814" starttime="20140917 23:26:59.799" status="PASS"></status>
</kw>
<status endtime="20140917 23:26:59.830" starttime="20140917 23:26:59.783" status="PASS"></status>
</kw>
<kw type="kw" name="Winner Should Be">
<doc></doc>
<arguments>
<arg>TIE</arg>
</arguments>
<kw type="kw" name="SwingLibrary.Select Dialog">
<doc>Selects a dialog as current context and sets focus to it.</doc>
<arguments>
<arg>Game Over</arg>
</arguments>
<status endtime="20140917 23:26:59.830" starttime="20140917 23:26:59.830" status="PASS"></status>
</kw>
<kw type="kw" name="${message} = BuiltIn.Catenate">
<doc>Catenates the given items together and returns the resulted string.</doc>
<arguments>
<arg>The winner is</arg>
<arg>${winner}</arg>
</arguments>
<msg level="INFO" timestamp="20140917 23:26:59.830">${message} = The winner is TIE</msg>
<status endtime="20140917 23:26:59.830" starttime="20140917 23:26:59.830" status="PASS"></status>
</kw>
<kw type="kw" name="SwingLibrary.Label Text Should Be">
<doc>Checks the equality of given text and the text displayed on a label.</doc>
<arguments>
<arg>OptionPane.label</arg>
<arg>${message}</arg>
</arguments>
<status endtime="20140917 23:26:59.830" starttime="20140917 23:26:59.830" status="PASS"></status>
</kw>
<kw type="kw" name="SwingLibrary.Close Dialog">
<doc>Closes a dialog.</doc>
<arguments>
<arg>Game Over</arg>
</arguments>
<status endtime="20140917 23:26:59.830" starttime="20140917 23:26:59.830" status="PASS"></status>
</kw>
<kw type="kw" name="SwingLibrary.Close Window">
<doc>Closes a window.</doc>
<arguments>
<arg>Tic Tac Toe</arg>
</arguments>
<status endtime="20140917 23:26:59.986" starttime="20140917 23:26:59.830" status="PASS"></status>
</kw>
<status endtime="20140917 23:26:59.986" starttime="20140917 23:26:59.830" status="PASS"></status>
</kw>
<doc></doc>
<tags>
</tags>
<status critical="yes" endtime="20140917 23:26:59.986" starttime="20140917 23:26:59.627" status="PASS"></status>
</test>
<doc></doc>
<metadata>
</metadata>
<status endtime="20140917 23:26:59.986" starttime="20140917 23:26:55.826" status="PASS"></status>
</suite>
<statistics>
<total>
<stat pass="9" fail="0">Critical Tests</stat>
<stat pass="9" fail="0">All Tests</stat>
</total>
<tag>
</tag>
<suite>
<stat pass="9" fail="0" name="TicTacToeGUITests" id="s1">TicTacToeGUITests</stat>
</suite>
</statistics>
<errors>
</errors>
</robot>
